TN:
SF:app\layout.tsx
FN:14,RootLayout
FNF:1
FNH:0
FNDA:0,RootLayout
DA:2,0
DA:3,0
DA:4,0
DA:5,0
DA:7,0
DA:9,0
DA:14,0
LF:7
LH:0
BRF:0
BRH:0
end_of_record
TN:
SF:app\not-found.tsx
FN:4,NotFound
FNF:1
FNH:0
FNDA:0,NotFound
DA:1,0
DA:2,0
DA:4,0
LF:3
LH:0
BRF:0
BRH:0
end_of_record
TN:
SF:app\page.tsx
FN:11,getNoticePosts
FN:41,(anonymous_3)
FN:47,(anonymous_4)
FN:50,(anonymous_5)
FN:57,(anonymous_6)
FN:82,getRecentPosts
FN:111,(anonymous_8)
FN:117,(anonymous_9)
FN:120,(anonymous_10)
FN:127,(anonymous_11)
FN:149,HomePage
FNF:11
FNH:0
FNDA:0,getNoticePosts
FNDA:0,(anonymous_3)
FNDA:0,(anonymous_4)
FNDA:0,(anonymous_5)
FNDA:0,(anonymous_6)
FNDA:0,getRecentPosts
FNDA:0,(anonymous_8)
FNDA:0,(anonymous_9)
FNDA:0,(anonymous_10)
FNDA:0,(anonymous_11)
FNDA:0,HomePage
DA:1,0
DA:2,0
DA:3,0
DA:4,0
DA:5,0
DA:12,0
DA:13,0
DA:15,0
DA:38,0
DA:41,0
DA:42,0
DA:47,0
DA:50,0
DA:51,0
DA:57,0
DA:59,0
DA:75,0
DA:83,0
DA:84,0
DA:86,0
DA:108,0
DA:111,0
DA:112,0
DA:117,0
DA:120,0
DA:121,0
DA:127,0
DA:129,0
DA:145,0
DA:149,0
DA:150,0
LF:31
LH:0
BRDA:38,0,0,0
BRDA:47,1,0,0
BRDA:47,1,1,0
BRDA:63,2,0,0
BRDA:63,2,1,0
BRDA:63,2,2,0
BRDA:70,3,0,0
BRDA:70,3,1,0
BRDA:71,4,0,0
BRDA:71,4,1,0
BRDA:108,5,0,0
BRDA:117,6,0,0
BRDA:117,6,1,0
BRDA:133,7,0,0
BRDA:133,7,1,0
BRDA:133,7,2,0
BRDA:140,8,0,0
BRDA:140,8,1,0
BRDA:141,9,0,0
BRDA:141,9,1,0
BRDA:158,10,0,0
BRDA:180,11,0,0
BRF:22
BRH:0
end_of_record
TN:
SF:app\(admin)\layout.tsx
FN:6,AdminLayout
FNF:1
FNH:0
FNDA:0,AdminLayout
DA:1,0
DA:2,0
DA:3,0
DA:4,0
DA:6,0
DA:11,0
DA:14,0
DA:16,0
DA:17,0
DA:21,0
DA:27,0
DA:28,0
LF:12
LH:0
BRDA:16,0,0,0
BRDA:27,1,0,0
BRDA:27,2,0,0
BRDA:27,2,1,0
BRF:4
BRH:0
end_of_record
TN:
SF:app\(admin)\admin\page.tsx
FN:22,getDashboardStats
FN:64,(anonymous_3)
FN:74,(anonymous_4)
FN:84,(anonymous_5)
FN:95,(anonymous_6)
FN:116,DashboardSkeleton
FN:124,(anonymous_8)
FN:140,DashboardContent
FN:295,AdminPage
FNF:9
FNH:0
FNDA:0,getDashboardStats
FNDA:0,(anonymous_3)
FNDA:0,(anonymous_4)
FNDA:0,(anonymous_5)
FNDA:0,(anonymous_6)
FNDA:0,DashboardSkeleton
FNDA:0,(anonymous_8)
FNDA:0,DashboardContent
FNDA:0,AdminPage
DA:1,0
DA:2,0
DA:3,0
DA:4,0
DA:17,0
DA:18,0
DA:19,0
DA:20,0
DA:23,0
DA:25,0
DA:27,0
DA:35,0
DA:62,0
DA:64,0
DA:65,0
DA:74,0
DA:75,0
DA:84,0
DA:85,0
DA:95,0
DA:97,0
DA:105,0
DA:106,0
DA:125,0
DA:141,0
DA:295,0
LF:26
LH:0
BRDA:64,0,0,0
BRDA:64,0,1,0
BRDA:74,1,0,0
BRDA:74,1,1,0
BRDA:78,2,0,0
BRDA:78,2,1,0
BRDA:84,3,0,0
BRDA:84,3,1,0
BRDA:98,4,0,0
BRDA:98,4,1,0
BRDA:99,5,0,0
BRDA:99,5,1,0
BRDA:100,6,0,0
BRDA:100,6,1,0
BRDA:101,7,0,0
BRDA:101,7,1,0
BRF:16
BRH:0
end_of_record
TN:
SF:app\(admin)\admin\analytics\page.tsx
FN:8,AnalyticsSkeleton
FN:13,(anonymous_2)
FN:22,getAnalytics
FN:45,(anonymous_4)
FN:46,(anonymous_5)
FN:50,(anonymous_6)
FN:51,(anonymous_7)
FN:53,(anonymous_8)
FN:63,(anonymous_9)
FN:89,StatCard
FN:123,AdminAnalyticsPage
FN:178,(anonymous_12)
FN:207,(anonymous_13)
FNF:13
FNH:0
FNDA:0,AnalyticsSkeleton
FNDA:0,(anonymous_2)
FNDA:0,getAnalytics
FNDA:0,(anonymous_4)
FNDA:0,(anonymous_5)
FNDA:0,(anonymous_6)
FNDA:0,(anonymous_7)
FNDA:0,(anonymous_8)
FNDA:0,(anonymous_9)
FNDA:0,StatCard
FNDA:0,AdminAnalyticsPage
FNDA:0,(anonymous_12)
FNDA:0,(anonymous_13)
DA:1,0
DA:2,0
DA:3,0
DA:4,0
DA:5,0
DA:14,0
DA:23,0
DA:32,0
DA:41,0
DA:42,0
DA:45,0
DA:46,0
DA:49,0
DA:50,0
DA:51,0
DA:53,0
DA:57,0
DA:63,0
DA:70,0
DA:123,0
DA:124,0
DA:179,0
DA:208,0
LF:23
LH:0
BRDA:45,0,0,0
BRDA:45,0,1,0
BRDA:45,1,0,0
BRDA:45,1,1,0
BRDA:46,2,0,0
BRDA:46,2,1,0
BRDA:46,3,0,0
BRDA:46,3,1,0
BRDA:50,4,0,0
BRDA:50,4,1,0
BRDA:51,5,0,0
BRDA:51,5,1,0
BRDA:63,6,0,0
BRDA:63,6,1,0
BRDA:66,7,0,0
BRDA:66,7,1,0
BRDA:72,8,0,0
BRDA:72,8,1,0
BRDA:73,9,0,0
BRDA:73,9,1,0
BRDA:74,10,0,0
BRDA:74,10,1,0
BRDA:112,11,0,0
BRDA:112,11,1,0
BRDA:113,12,0,0
BRDA:113,12,1,0
BRF:26
BRH:0
end_of_record
TN:
SF:app\(admin)\admin\boards\BoardsTable.tsx
FN:55,BoardsTable
FN:80,(anonymous_8)
FN:108,BoardActions
FN:115,(anonymous_10)
FN:116,(anonymous_11)
FN:147,(anonymous_12)
FN:151,(anonymous_13)
FN:189,CreateBoardDialog
FN:202,(anonymous_15)
FN:203,(anonymous_16)
FN:207,(anonymous_17)
FN:215,(anonymous_18)
FN:218,(anonymous_19)
FN:239,(anonymous_20)
FN:283,(anonymous_21)
FN:295,(anonymous_22)
FN:306,(anonymous_23)
FN:316,(anonymous_24)
FN:324,(anonymous_25)
FN:328,(anonymous_26)
FN:343,EditBoardDialog
FN:355,(anonymous_28)
FN:356,(anonymous_29)
FN:359,(anonymous_30)
FN:371,(anonymous_31)
FN:398,(anonymous_32)
FN:422,(anonymous_33)
FN:429,(anonymous_34)
FN:437,(anonymous_35)
FN:450,(anonymous_36)
FN:462,(anonymous_37)
FN:467,(anonymous_38)
FNF:32
FNH:0
FNDA:0,BoardsTable
FNDA:0,(anonymous_8)
FNDA:0,BoardActions
FNDA:0,(anonymous_10)
FNDA:0,(anonymous_11)
FNDA:0,(anonymous_12)
FNDA:0,(anonymous_13)
FNDA:0,CreateBoardDialog
FNDA:0,(anonymous_15)
FNDA:0,(anonymous_16)
FNDA:0,(anonymous_17)
FNDA:0,(anonymous_18)
FNDA:0,(anonymous_19)
FNDA:0,(anonymous_20)
FNDA:0,(anonymous_21)
FNDA:0,(anonymous_22)
FNDA:0,(anonymous_23)
FNDA:0,(anonymous_24)
FNDA:0,(anonymous_25)
FNDA:0,(anonymous_26)
FNDA:0,EditBoardDialog
FNDA:0,(anonymous_28)
FNDA:0,(anonymous_29)
FNDA:0,(anonymous_30)
FNDA:0,(anonymous_31)
FNDA:0,(anonymous_32)
FNDA:0,(anonymous_33)
FNDA:0,(anonymous_34)
FNDA:0,(anonymous_35)
FNDA:0,(anonymous_36)
FNDA:0,(anonymous_37)
FNDA:0,(anonymous_38)
DA:3,0
DA:5,0
DA:14,0
DA:22,0
DA:32,0
DA:33,0
DA:34,0
DA:35,0
DA:36,0
DA:37,0
DA:38,0
DA:39,0
DA:40,0
DA:41,0
DA:42,0
DA:55,0
DA:56,0
DA:57,0
DA:81,0
DA:109,0
DA:110,0
DA:111,0
DA:112,0
DA:113,0
DA:115,0
DA:116,0
DA:117,0
DA:119,0
DA:120,0
DA:124,0
DA:125,0
DA:127,0
DA:147,0
DA:151,0
DA:190,0
DA:191,0
DA:192,0
DA:193,0
DA:194,0
DA:202,0
DA:203,0
DA:207,0
DA:208,0
DA:215,0
DA:218,0
DA:219,0
DA:221,0
DA:222,0
DA:227,0
DA:230,0
DA:231,0
DA:236,0
DA:239,0
DA:240,0
DA:248,0
DA:249,0
DA:253,0
DA:254,0
DA:255,0
DA:257,0
DA:283,0
DA:295,0
DA:306,0
DA:316,0
DA:324,0
DA:328,0
DA:344,0
DA:345,0
DA:346,0
DA:347,0
DA:355,0
DA:356,0
DA:359,0
DA:360,0
DA:362,0
DA:363,0
DA:368,0
DA:371,0
DA:372,0
DA:380,0
DA:381,0
DA:385,0
DA:386,0
DA:388,0
DA:398,0
DA:399,0
DA:400,0
DA:422,0
DA:429,0
DA:437,0
DA:450,0
DA:462,0
DA:467,0
DA:482,0
DA:483,0
DA:484,0
LF:96
LH:0
BRDA:73,0,0,0
BRDA:73,0,1,0
BRDA:87,1,0,0
BRDA:87,1,1,0
BRDA:89,2,0,0
BRDA:89,2,1,0
BRDA:92,3,0,0
BRDA:92,3,1,0
BRDA:92,4,0,0
BRDA:92,4,1,0
BRDA:93,5,0,0
BRDA:119,6,0,0
BRDA:119,6,1,0
BRDA:122,7,0,0
BRDA:122,7,1,0
BRDA:130,8,0,0
BRDA:130,8,1,0
BRDA:178,9,0,0
BRDA:221,10,0,0
BRDA:230,11,0,0
BRDA:243,12,0,0
BRDA:243,12,1,0
BRDA:248,13,0,0
BRDA:248,13,1,0
BRDA:251,14,0,0
BRDA:251,14,1,0
BRDA:260,15,0,0
BRDA:260,15,1,0
BRDA:332,16,0,0
BRDA:348,17,0,0
BRDA:348,17,1,0
BRDA:349,18,0,0
BRDA:349,18,1,0
BRDA:350,19,0,0
BRDA:350,19,1,0
BRDA:351,20,0,0
BRDA:351,20,1,0
BRDA:352,21,0,0
BRDA:352,21,1,0
BRDA:362,22,0,0
BRDA:375,23,0,0
BRDA:375,23,1,0
BRDA:380,24,0,0
BRDA:380,24,1,0
BRDA:383,25,0,0
BRDA:383,25,1,0
BRDA:391,26,0,0
BRDA:391,26,1,0
BRDA:399,27,0,0
BRDA:403,28,0,0
BRDA:403,28,1,0
BRDA:471,29,0,0
BRF:52
BRH:0
end_of_record
TN:
SF:app\(admin)\admin\boards\page.tsx
FN:10,getBoards
FN:25,(anonymous_2)
FN:32,BoardsSkeleton
FN:37,(anonymous_4)
FN:47,AdminBoardsPage
FNF:5
FNH:0
FNDA:0,getBoards
FNDA:0,(anonymous_2)
FNDA:0,BoardsSkeleton
FNDA:0,(anonymous_4)
FNDA:0,AdminBoardsPage
DA:1,0
DA:2,0
DA:3,0
DA:6,0
DA:7,0
DA:8,0
DA:11,0
DA:13,0
DA:19,0
DA:20,0
DA:21,0
DA:25,0
DA:38,0
DA:47,0
DA:48,0
LF:15
LH:0
BRDA:19,0,0,0
BRDA:25,1,0,0
BRDA:25,1,1,0
BRF:3
BRH:0
end_of_record
TN:
SF:app\(admin)\admin\groups\page.tsx
FN:12,GroupsSkeleton
FN:17,(anonymous_2)
FN:27,getGroups
FN:36,(anonymous_4)
FN:51,(anonymous_5)
FN:66,(anonymous_6)
FN:81,GroupsTable
FN:102,(anonymous_8)
FN:129,AdminGroupsPage
FN:171,(anonymous_10)
FN:180,(anonymous_11)
FNF:11
FNH:0
FNDA:0,GroupsSkeleton
FNDA:0,(anonymous_2)
FNDA:0,getGroups
FNDA:0,(anonymous_4)
FNDA:0,(anonymous_5)
FNDA:0,(anonymous_6)
FNDA:0,GroupsTable
FNDA:0,(anonymous_8)
FNDA:0,AdminGroupsPage
FNDA:0,(anonymous_10)
FNDA:0,(anonymous_11)
DA:1,0
DA:2,0
DA:3,0
DA:4,0
DA:6,0
DA:7,0
DA:8,0
DA:9,0
DA:18,0
DA:28,0
DA:31,0
DA:36,0
DA:43,0
DA:47,0
DA:49,0
DA:51,0
DA:52,0
DA:53,0
DA:54,0
DA:55,0
DA:59,0
DA:66,0
DA:77,0
DA:82,0
DA:103,0
DA:129,0
DA:130,0
DA:171,0
DA:180,0
LF:29
LH:0
BRDA:36,0,0,0
BRDA:36,0,1,0
BRDA:36,1,0,0
BRDA:36,1,1,0
BRDA:49,2,0,0
BRDA:49,3,0,0
BRDA:49,3,1,0
BRDA:51,4,0,0
BRDA:51,4,1,0
BRDA:52,5,0,0
BRDA:52,5,1,0
BRDA:53,6,0,0
BRDA:53,6,1,0
BRDA:69,7,0,0
BRDA:69,7,1,0
BRDA:82,8,0,0
BRDA:115,9,0,0
BRF:17
BRH:0
end_of_record
TN:
SF:app\(admin)\admin\media\page.tsx
FN:11,MediaSkeleton
FN:16,(anonymous_2)
FN:27,formatFileSize
FN:35,getFileIcon
FN:50,getFileTypeBadgeVariant
FN:66,handleUploadFile
FN:86,handleDeleteFile
FN:95,StatCard
FN:123,UploadArea
FN:157,MediaTable
FN:180,(anonymous_11)
FN:209,(anonymous_12)
FN:224,AdminMediaPage
FN:231,(anonymous_14)
FN:232,(anonymous_15)
FNF:15
FNH:0
FNDA:0,MediaSkeleton
FNDA:0,(anonymous_2)
FNDA:0,formatFileSize
FNDA:0,getFileIcon
FNDA:0,getFileTypeBadgeVariant
FNDA:0,handleUploadFile
FNDA:0,handleDeleteFile
FNDA:0,StatCard
FNDA:0,UploadArea
FNDA:0,MediaTable
FNDA:0,(anonymous_11)
FNDA:0,(anonymous_12)
FNDA:0,AdminMediaPage
FNDA:0,(anonymous_14)
FNDA:0,(anonymous_15)
DA:1,0
DA:2,0
DA:3,0
DA:4,0
DA:5,0
DA:6,0
DA:7,0
DA:8,0
DA:17,0
DA:28,0
DA:29,0
DA:30,0
DA:31,0
DA:32,0
DA:36,0
DA:38,0
DA:40,0
DA:42,0
DA:44,0
DA:46,0
DA:51,0
DA:53,0
DA:55,0
DA:57,0
DA:59,0
DA:61,0
DA:67,0
DA:68,0
DA:69,0
DA:72,0
DA:79,0
DA:80,0
DA:83,0
DA:87,0
DA:88,0
DA:89,0
DA:91,0
DA:158,0
DA:181,0
DA:182,0
DA:209,0
DA:224,0
DA:226,0
DA:227,0
DA:230,0
DA:231,0
DA:232,0
DA:233,0
DA:234,0
DA:235,0
LF:50
LH:0
BRDA:28,0,0,0
BRDA:36,1,0,0
BRDA:36,1,1,0
BRDA:36,1,2,0
BRDA:36,1,3,0
BRDA:36,1,4,0
BRDA:51,2,0,0
BRDA:51,2,1,0
BRDA:51,2,2,0
BRDA:51,2,3,0
BRDA:51,2,4,0
BRDA:68,3,0,0
BRDA:79,4,0,0
BRDA:88,5,0,0
BRDA:116,6,0,0
BRDA:158,7,0,0
BRDA:181,8,0,0
BRDA:181,8,1,0
BRDA:198,9,0,0
BRDA:198,9,1,0
BRDA:227,10,0,0
BRDA:227,10,1,0
BRDA:227,11,0,0
BRDA:227,11,1,0
BRDA:231,12,0,0
BRDA:231,12,1,0
BRF:26
BRH:0
end_of_record
TN:
SF:app\(admin)\admin\members\MembersTable.tsx
FN:58,MembersTable
FN:59,(anonymous_5)
FN:63,(anonymous_6)
FN:69,(anonymous_7)
FN:95,(anonymous_8)
FN:145,MemberActions
FN:152,(anonymous_10)
FN:153,(anonymous_11)
FN:174,(anonymous_12)
FN:175,(anonymous_13)
FN:206,(anonymous_14)
FN:224,(anonymous_15)
FN:265,EditRoleDialog
FN:279,(anonymous_17)
FN:283,(anonymous_18)
FN:286,(anonymous_19)
FN:307,(anonymous_20)
FN:351,(anonymous_21)
FNF:18
FNH:0
FNDA:0,MembersTable
FNDA:0,(anonymous_5)
FNDA:0,(anonymous_6)
FNDA:0,(anonymous_7)
FNDA:0,(anonymous_8)
FNDA:0,MemberActions
FNDA:0,(anonymous_10)
FNDA:0,(anonymous_11)
FNDA:0,(anonymous_12)
FNDA:0,(anonymous_13)
FNDA:0,(anonymous_14)
FNDA:0,(anonymous_15)
FNDA:0,EditRoleDialog
FNDA:0,(anonymous_17)
FNDA:0,(anonymous_18)
FNDA:0,(anonymous_19)
FNDA:0,(anonymous_20)
FNDA:0,(anonymous_21)
DA:3,0
DA:5,0
DA:13,0
DA:21,0
DA:31,0
DA:38,0
DA:39,0
DA:40,0
DA:41,0
DA:42,0
DA:43,0
DA:44,0
DA:45,0
DA:58,0
DA:59,0
DA:60,0
DA:61,0
DA:63,0
DA:69,0
DA:70,0
DA:96,0
DA:146,0
DA:147,0
DA:148,0
DA:149,0
DA:150,0
DA:152,0
DA:153,0
DA:154,0
DA:158,0
DA:159,0
DA:163,0
DA:165,0
DA:174,0
DA:175,0
DA:176,0
DA:178,0
DA:179,0
DA:183,0
DA:184,0
DA:186,0
DA:206,0
DA:224,0
DA:274,0
DA:275,0
DA:276,0
DA:277,0
DA:279,0
DA:280,0
DA:283,0
DA:284,0
DA:286,0
DA:287,0
DA:289,0
DA:290,0
DA:294,0
DA:295,0
DA:297,0
DA:307,0
DA:308,0
DA:309,0
DA:351,0
LF:62
LH:0
BRDA:60,0,0,0
BRDA:88,1,0,0
BRDA:88,1,1,0
BRDA:100,2,0,0
BRDA:100,2,1,0
BRDA:103,3,0,0
BRDA:103,3,1,0
BRDA:110,4,0,0
BRDA:110,4,1,0
BRDA:112,5,0,0
BRDA:112,5,1,0
BRDA:117,6,0,0
BRDA:117,6,1,0
BRDA:122,7,0,0
BRDA:131,8,0,0
BRDA:131,8,1,0
BRDA:154,9,0,0
BRDA:154,9,1,0
BRDA:158,10,0,0
BRDA:158,10,1,0
BRDA:161,11,0,0
BRDA:161,11,1,0
BRDA:161,12,0,0
BRDA:161,12,1,0
BRDA:168,13,0,0
BRDA:168,13,1,0
BRDA:168,14,0,0
BRDA:168,14,1,0
BRDA:178,15,0,0
BRDA:178,15,1,0
BRDA:181,16,0,0
BRDA:181,16,1,0
BRDA:189,17,0,0
BRDA:189,17,1,0
BRDA:212,18,0,0
BRDA:244,19,0,0
BRDA:244,19,1,0
BRDA:255,20,0,0
BRDA:277,21,0,0
BRDA:277,21,1,0
BRDA:289,22,0,0
BRDA:289,22,1,0
BRDA:292,23,0,0
BRDA:292,23,1,0
BRDA:300,24,0,0
BRDA:300,24,1,0
BRDA:308,25,0,0
BRDA:309,26,0,0
BRDA:309,26,1,0
BRDA:318,27,0,0
BRDA:318,27,1,0
BRDA:355,28,0,0
BRF:52
BRH:0
end_of_record
TN:
SF:app\(admin)\admin\members\page.tsx
FN:7,getMembers
FN:23,MembersSkeleton
FN:28,(anonymous_3)
FN:38,AdminMembersPage
FNF:4
FNH:0
FNDA:0,getMembers
FNDA:0,MembersSkeleton
FNDA:0,(anonymous_3)
FNDA:0,AdminMembersPage
DA:1,0
DA:2,0
DA:3,0
DA:4,0
DA:5,0
DA:8,0
DA:10,0
DA:15,0
DA:16,0
DA:17,0
DA:20,0
DA:29,0
DA:38,0
DA:39,0
LF:14
LH:0
BRDA:15,0,0,0
BRDA:20,1,0,0
BRDA:20,1,1,0
BRF:3
BRH:0
end_of_record
TN:
SF:app\(admin)\admin\menus\page.tsx
FN:18,AdminMenusPage
FN:33,(anonymous_2)
FN:38,(anonymous_3)
FN:46,(anonymous_4)
FN:66,(anonymous_5)
FN:73,(anonymous_6)
FN:74,(anonymous_7)
FN:94,(anonymous_8)
FN:98,(anonymous_9)
FN:104,(anonymous_10)
FN:108,(anonymous_11)
FN:114,(anonymous_12)
FN:120,(anonymous_13)
FN:126,(anonymous_14)
FN:129,(anonymous_15)
FN:132,(anonymous_16)
FN:149,(anonymous_17)
FN:231,(anonymous_18)
FN:294,(anonymous_19)
FN:315,(anonymous_20)
FNF:20
FNH:0
FNDA:0,AdminMenusPage
FNDA:0,(anonymous_2)
FNDA:0,(anonymous_3)
FNDA:0,(anonymous_4)
FNDA:0,(anonymous_5)
FNDA:0,(anonymous_6)
FNDA:0,(anonymous_7)
FNDA:0,(anonymous_8)
FNDA:0,(anonymous_9)
FNDA:0,(anonymous_10)
FNDA:0,(anonymous_11)
FNDA:0,(anonymous_12)
FNDA:0,(anonymous_13)
FNDA:0,(anonymous_14)
FNDA:0,(anonymous_15)
FNDA:0,(anonymous_16)
FNDA:0,(anonymous_17)
FNDA:0,(anonymous_18)
FNDA:0,(anonymous_19)
FNDA:0,(anonymous_20)
DA:3,0
DA:4,0
DA:5,0
DA:6,0
DA:8,0
DA:9,0
DA:10,0
DA:11,0
DA:15,0
DA:18,0
DA:19,0
DA:20,0
DA:21,0
DA:22,0
DA:23,0
DA:24,0
DA:25,0
DA:28,0
DA:29,0
DA:30,0
DA:33,0
DA:34,0
DA:38,0
DA:39,0
DA:40,0
DA:42,0
DA:46,0
DA:47,0
DA:48,0
DA:49,0
DA:50,0
DA:51,0
DA:52,0
DA:53,0
DA:54,0
DA:57,0
DA:60,0
DA:62,0
DA:66,0
DA:67,0
DA:68,0
DA:69,0
DA:70,0
DA:71,0
DA:73,0
DA:74,0
DA:75,0
DA:76,0
DA:77,0
DA:78,0
DA:80,0
DA:83,0
DA:85,0
DA:88,0
DA:90,0
DA:94,0
DA:95,0
DA:98,0
DA:99,0
DA:100,0
DA:104,0
DA:105,0
DA:108,0
DA:109,0
DA:110,0
DA:111,0
DA:114,0
DA:115,0
DA:116,0
DA:117,0
DA:120,0
DA:121,0
DA:122,0
DA:123,0
DA:126,0
DA:127,0
DA:128,0
DA:129,0
DA:132,0
DA:134,0
DA:150,0
DA:232,0
DA:295,0
DA:316,0
DA:317,0
DA:318,0
LF:86
LH:0
BRDA:39,0,0,0
BRDA:39,0,1,0
BRDA:51,1,0,0
BRDA:51,1,1,0
BRDA:51,2,0,0
BRDA:51,2,1,0
BRDA:53,3,0,0
BRDA:53,4,0,0
BRDA:53,4,1,0
BRDA:57,5,0,0
BRDA:57,5,1,0
BRDA:71,6,0,0
BRDA:71,6,1,0
BRDA:71,7,0,0
BRDA:71,7,1,0
BRDA:77,8,0,0
BRDA:77,9,0,0
BRDA:77,9,1,0
BRDA:85,10,0,0
BRDA:85,10,1,0
BRDA:99,11,0,0
BRDA:134,12,0,0
BRDA:179,13,0,0
BRDA:185,14,0,0
BRDA:212,15,0,0
BRDA:212,15,1,0
BRDA:215,16,0,0
BRDA:215,16,1,0
BRDA:216,17,0,0
BRDA:216,17,1,0
BRDA:220,18,0,0
BRDA:230,19,0,0
BRDA:236,20,0,0
BRDA:308,21,0,0
BRF:34
BRH:0
end_of_record
TN:
SF:app\(admin)\admin\modules\page.tsx
FN:12,ModulesSkeleton
FN:17,(anonymous_2)
FN:28,getModules
FN:116,ModulesTable
FN:138,(anonymous_5)
FN:193,AdminModulesPage
FN:240,(anonymous_7)
FN:248,(anonymous_8)
FN:256,(anonymous_9)
FNF:9
FNH:0
FNDA:0,ModulesSkeleton
FNDA:0,(anonymous_2)
FNDA:0,getModules
FNDA:0,ModulesTable
FNDA:0,(anonymous_5)
FNDA:0,AdminModulesPage
FNDA:0,(anonymous_7)
FNDA:0,(anonymous_8)
FNDA:0,(anonymous_9)
DA:1,0
DA:2,0
DA:3,0
DA:4,0
DA:5,0
DA:6,0
DA:8,0
DA:9,0
DA:18,0
DA:29,0
DA:32,0
DA:39,0
DA:40,0
DA:44,0
DA:50,0
DA:51,0
DA:56,0
DA:117,0
DA:139,0
DA:193,0
DA:194,0
DA:240,0
DA:248,0
DA:256,0
LF:24
LH:0
BRDA:39,0,0,0
BRDA:40,1,0,0
BRDA:40,1,1,0
BRDA:50,2,0,0
BRDA:51,3,0,0
BRDA:51,3,1,0
BRDA:117,4,0,0
BRDA:160,5,0,0
BRDA:164,6,0,0
BRDA:164,6,1,0
BRDA:165,7,0,0
BRDA:165,7,1,0
BRDA:170,8,0,0
BRDA:170,8,1,0
BRDA:171,9,0,0
BRDA:171,9,1,0
BRDA:179,10,0,0
BRF:17
BRH:0
end_of_record
TN:
SF:app\(admin)\admin\pages\page.tsx
FN:12,PagesSkeleton
FN:17,(anonymous_2)
FN:28,getPages
FN:43,(anonymous_4)
FN:73,PagesTable
FN:96,(anonymous_6)
FN:142,AdminPagesPage
FN:187,(anonymous_8)
FN:198,(anonymous_9)
FN:206,(anonymous_10)
FNF:10
FNH:0
FNDA:0,PagesSkeleton
FNDA:0,(anonymous_2)
FNDA:0,getPages
FNDA:0,(anonymous_4)
FNDA:0,PagesTable
FNDA:0,(anonymous_6)
FNDA:0,AdminPagesPage
FNDA:0,(anonymous_8)
FNDA:0,(anonymous_9)
FNDA:0,(anonymous_10)
DA:1,0
DA:2,0
DA:3,0
DA:4,0
DA:6,0
DA:7,0
DA:8,0
DA:9,0
DA:18,0
DA:29,0
DA:31,0
DA:36,0
DA:37,0
DA:38,0
DA:42,0
DA:45,0
DA:46,0
DA:47,0
DA:52,0
DA:55,0
DA:69,0
DA:74,0
DA:97,0
DA:142,0
DA:143,0
DA:187,0
DA:198,0
DA:206,0
LF:28
LH:0
BRDA:36,0,0,0
BRDA:43,1,0,0
BRDA:43,1,1,0
BRDA:46,2,0,0
BRDA:52,3,0,0
BRDA:52,3,1,0
BRDA:58,4,0,0
BRDA:58,4,1,0
BRDA:62,5,0,0
BRDA:62,5,1,0
BRDA:74,6,0,0
BRDA:103,7,0,0
BRDA:103,7,1,0
BRDA:105,8,0,0
BRF:14
BRH:0
end_of_record
TN:
SF:app\(admin)\admin\permissions\page.tsx
FN:12,PermissionsSkeleton
FN:17,(anonymous_2)
FN:27,getPermissions
FN:48,(anonymous_4)
FN:78,(anonymous_5)
FN:88,(anonymous_6)
FN:160,PermissionsTable
FN:181,(anonymous_8)
FN:190,(anonymous_9)
FN:211,AdminPermissionsPage
FN:259,(anonymous_11)
FN:272,(anonymous_12)
FN:285,(anonymous_13)
FNF:13
FNH:0
FNDA:0,PermissionsSkeleton
FNDA:0,(anonymous_2)
FNDA:0,getPermissions
FNDA:0,(anonymous_4)
FNDA:0,(anonymous_5)
FNDA:0,(anonymous_6)
FNDA:0,PermissionsTable
FNDA:0,(anonymous_8)
FNDA:0,(anonymous_9)
FNDA:0,AdminPermissionsPage
FNDA:0,(anonymous_11)
FNDA:0,(anonymous_12)
FNDA:0,(anonymous_13)
DA:1,0
DA:2,0
DA:3,0
DA:4,0
DA:6,0
DA:7,0
DA:8,0
DA:9,0
DA:18,0
DA:28,0
DA:31,0
DA:37,0
DA:42,0
DA:47,0
DA:48,0
DA:52,0
DA:60,0
DA:61,0
DA:62,0
DA:64,0
DA:65,0
DA:66,0
DA:67,0
DA:68,0
DA:69,0
DA:70,0
DA:72,0
DA:73,0
DA:78,0
DA:80,0
DA:81,0
DA:84,0
DA:87,0
DA:88,0
DA:92,0
DA:98,0
DA:103,0
DA:112,0
DA:156,0
DA:161,0
DA:182,0
DA:191,0
DA:211,0
DA:212,0
DA:259,0
DA:272,0
DA:285,0
LF:47
LH:0
BRDA:48,0,0,0
BRDA:48,0,1,0
BRDA:48,1,0,0
BRDA:48,1,1,0
BRDA:64,2,0,0
BRDA:64,3,0,0
BRDA:64,3,1,0
BRDA:67,4,0,0
BRDA:68,5,0,0
BRDA:78,6,0,0
BRDA:78,6,1,0
BRDA:78,7,0,0
BRDA:78,7,1,0
BRDA:80,8,0,0
BRDA:80,8,1,0
BRDA:81,9,0,0
BRDA:81,9,1,0
BRDA:84,10,0,0
BRDA:84,10,1,0
BRDA:88,11,0,0
BRDA:88,11,1,0
BRDA:161,12,0,0
BRDA:199,13,0,0
BRF:23
BRH:0
end_of_record
TN:
SF:app\(admin)\admin\polls\page.tsx
FN:15,PollsSkeleton
FN:20,(anonymous_4)
FN:29,handleDeletePoll
FN:39,PollsTable
FN:61,(anonymous_7)
FN:97,(anonymous_8)
FN:117,StatCard
FN:139,AdminPollsPage
FN:144,(anonymous_11)
FN:145,(anonymous_12)
FN:146,(anonymous_13)
FN:206,NewPollPage
FNF:12
FNH:0
FNDA:0,PollsSkeleton
FNDA:0,(anonymous_4)
FNDA:0,handleDeletePoll
FNDA:0,PollsTable
FNDA:0,(anonymous_7)
FNDA:0,(anonymous_8)
FNDA:0,StatCard
FNDA:0,AdminPollsPage
FNDA:0,(anonymous_11)
FNDA:0,(anonymous_12)
FNDA:0,(anonymous_13)
FNDA:0,NewPollPage
DA:1,0
DA:2,0
DA:3,0
DA:4,0
DA:5,0
DA:6,0
DA:7,0
DA:8,0
DA:9,0
DA:11,0
DA:12,0
DA:21,0
DA:31,0
DA:32,0
DA:33,0
DA:35,0
DA:40,0
DA:62,0
DA:64,0
DA:99,0
DA:100,0
DA:139,0
DA:140,0
DA:141,0
DA:143,0
DA:144,0
DA:145,0
DA:146,0
DA:206,0
LF:29
LH:0
BRDA:32,0,0,0
BRDA:40,1,0,0
BRDA:62,2,0,0
BRDA:62,2,1,0
BRDA:68,3,0,0
BRDA:68,3,1,0
BRDA:69,4,0,0
BRDA:69,4,1,0
BRDA:74,5,0,0
BRDA:73,6,0,0
BRDA:73,6,1,0
BRDA:82,7,0,0
BRDA:82,7,1,0
BRDA:87,8,0,0
BRDA:133,9,0,0
BRDA:141,10,0,0
BRDA:141,10,1,0
BRDA:141,11,0,0
BRDA:141,11,1,0
BRDA:145,12,0,0
BRDA:145,12,1,0
BRDA:146,13,0,0
BRDA:146,13,1,0
BRF:23
BRH:0
end_of_record
TN:
SF:app\(admin)\admin\settings\SettingsForm.tsx
FN:26,SettingsForm
FN:37,(anonymous_5)
FN:38,(anonymous_6)
FN:41,(anonymous_7)
FN:53,(anonymous_8)
FN:83,(anonymous_9)
FN:95,(anonymous_10)
FN:108,(anonymous_11)
FN:119,(anonymous_12)
FN:145,SEOSettings
FN:154,(anonymous_14)
FN:155,(anonymous_15)
FN:158,(anonymous_16)
FN:161,(anonymous_17)
FN:188,(anonymous_18)
FN:198,(anonymous_19)
FN:211,RegistrationSettings
FN:221,(anonymous_21)
FN:222,(anonymous_22)
FN:225,(anonymous_23)
FN:228,(anonymous_24)
FN:257,(anonymous_25)
FN:268,(anonymous_26)
FN:279,(anonymous_27)
FNF:24
FNH:0
FNDA:0,SettingsForm
FNDA:0,(anonymous_5)
FNDA:0,(anonymous_6)
FNDA:0,(anonymous_7)
FNDA:0,(anonymous_8)
FNDA:0,(anonymous_9)
FNDA:0,(anonymous_10)
FNDA:0,(anonymous_11)
FNDA:0,(anonymous_12)
FNDA:0,SEOSettings
FNDA:0,(anonymous_14)
FNDA:0,(anonymous_15)
FNDA:0,(anonymous_16)
FNDA:0,(anonymous_17)
FNDA:0,(anonymous_18)
FNDA:0,(anonymous_19)
FNDA:0,RegistrationSettings
FNDA:0,(anonymous_21)
FNDA:0,(anonymous_22)
FNDA:0,(anonymous_23)
FNDA:0,(anonymous_24)
FNDA:0,(anonymous_25)
FNDA:0,(anonymous_26)
FNDA:0,(anonymous_27)
DA:3,0
DA:4,0
DA:5,0
DA:6,0
DA:7,0
DA:8,0
DA:9,0
DA:10,0
DA:11,0
DA:12,0
DA:26,0
DA:27,0
DA:28,0
DA:29,0
DA:30,0
DA:37,0
DA:38,0
DA:41,0
DA:42,0
DA:44,0
DA:45,0
DA:50,0
DA:53,0
DA:54,0
DA:56,0
DA:57,0
DA:61,0
DA:63,0
DA:83,0
DA:95,0
DA:108,0
DA:119,0
DA:145,0
DA:146,0
DA:147,0
DA:148,0
DA:149,0
DA:154,0
DA:155,0
DA:158,0
DA:159,0
DA:161,0
DA:162,0
DA:164,0
DA:165,0
DA:169,0
DA:171,0
DA:188,0
DA:198,0
DA:211,0
DA:212,0
DA:213,0
DA:214,0
DA:215,0
DA:221,0
DA:222,0
DA:225,0
DA:226,0
DA:228,0
DA:229,0
DA:231,0
DA:232,0
DA:236,0
DA:238,0
DA:257,0
DA:268,0
DA:279,0
LF:67
LH:0
BRDA:31,0,0,0
BRDA:31,0,1,0
BRDA:32,1,0,0
BRDA:32,1,1,0
BRDA:33,2,0,0
BRDA:33,2,1,0
BRDA:34,3,0,0
BRDA:34,3,1,0
BRDA:44,4,0,0
BRDA:56,5,0,0
BRDA:56,5,1,0
BRDA:59,6,0,0
BRDA:59,6,1,0
BRDA:66,7,0,0
BRDA:66,7,1,0
BRDA:129,8,0,0
BRDA:150,9,0,0
BRDA:150,9,1,0
BRDA:151,10,0,0
BRDA:151,10,1,0
BRDA:164,11,0,0
BRDA:164,11,1,0
BRDA:174,12,0,0
BRDA:174,12,1,0
BRDA:203,13,0,0
BRDA:231,14,0,0
BRDA:231,14,1,0
BRDA:241,15,0,0
BRDA:241,15,1,0
BRDA:284,16,0,0
BRF:30
BRH:0
end_of_record
TN:
SF:app\(admin)\admin\settings\page.tsx
FN:12,getSiteSettings
FN:45,SettingsSkeleton
FN:58,AdminSettingsPage
FNF:3
FNH:0
FNDA:0,getSiteSettings
FNDA:0,SettingsSkeleton
FNDA:0,AdminSettingsPage
DA:2,0
DA:3,0
DA:9,0
DA:10,0
DA:13,0
DA:15,0
DA:17,0
DA:18,0
DA:19,0
DA:32,0
DA:58,0
DA:59,0
LF:12
LH:0
BRDA:17,0,0,0
BRDA:32,1,0,0
BRDA:32,1,1,0
BRF:3
BRH:0
end_of_record
TN:
SF:app\(admin)\admin\themes\page.tsx
FN:14,ThemesSkeleton
FN:17,(anonymous_2)
FN:32,getThemes
FN:122,AdminThemesPage
FN:154,(anonymous_5)
FN:164,(anonymous_6)
FN:174,(anonymous_7)
FN:199,(anonymous_8)
FNF:8
FNH:0
FNDA:0,ThemesSkeleton
FNDA:0,(anonymous_2)
FNDA:0,getThemes
FNDA:0,AdminThemesPage
FNDA:0,(anonymous_5)
FNDA:0,(anonymous_6)
FNDA:0,(anonymous_7)
FNDA:0,(anonymous_8)
DA:1,0
DA:2,0
DA:5,0
DA:6,0
DA:7,0
DA:18,0
DA:33,0
DA:36,0
DA:43,0
DA:44,0
DA:49,0
DA:122,0
DA:123,0
DA:154,0
DA:164,0
DA:174,0
DA:200,0
LF:17
LH:0
BRDA:43,0,0,0
BRDA:44,1,0,0
BRDA:44,1,1,0
BRDA:154,2,0,0
BRDA:154,2,1,0
BRDA:194,3,0,0
BRF:6
BRH:0
end_of_record
TN:
SF:app\(admin)\admin\widgets\page.tsx
FN:12,WidgetsSkeleton
FN:17,(anonymous_2)
FN:28,getWidgets
FN:128,WidgetsTable
FN:150,(anonymous_5)
FN:199,WidgetPositions
FN:204,(anonymous_7)
FN:205,(anonymous_8)
FN:206,(anonymous_9)
FN:231,AdminWidgetsPage
FN:280,(anonymous_11)
FN:291,(anonymous_12)
FNF:12
FNH:0
FNDA:0,WidgetsSkeleton
FNDA:0,(anonymous_2)
FNDA:0,getWidgets
FNDA:0,WidgetsTable
FNDA:0,(anonymous_5)
FNDA:0,WidgetPositions
FNDA:0,(anonymous_7)
FNDA:0,(anonymous_8)
FNDA:0,(anonymous_9)
FNDA:0,AdminWidgetsPage
FNDA:0,(anonymous_11)
FNDA:0,(anonymous_12)
DA:1,0
DA:2,0
DA:3,0
DA:4,0
DA:5,0
DA:6,0
DA:8,0
DA:9,0
DA:18,0
DA:29,0
DA:32,0
DA:39,0
DA:40,0
DA:45,0
DA:120,0
DA:129,0
DA:151,0
DA:200,0
DA:205,0
DA:206,0
DA:208,0
DA:231,0
DA:232,0
DA:280,0
DA:291,0
LF:25
LH:0
BRDA:39,0,0,0
BRDA:40,1,0,0
BRDA:40,1,1,0
BRDA:129,2,0,0
BRDA:169,3,0,0
BRDA:169,3,1,0
BRDA:175,4,0,0
BRDA:179,5,0,0
BRDA:179,5,1,0
BRDA:180,6,0,0
BRDA:180,6,1,0
BRDA:213,7,0,0
BRDA:213,7,1,0
BRF:13
BRH:0
end_of_record
TN:
SF:app\(auth)\layout.tsx
FN:1,AuthLayout
FNF:1
FNH:0
FNDA:0,AuthLayout
DA:1,0
LF:1
LH:0
BRF:0
BRH:0
end_of_record
TN:
SF:app\(auth)\login\page.tsx
FN:7,LoginPage
FNF:1
FNH:0
FNDA:0,LoginPage
DA:1,0
DA:2,0
DA:3,0
DA:4,0
DA:5,0
DA:7,0
LF:6
LH:0
BRF:0
BRH:0
end_of_record
TN:
SF:app\(auth)\register\page.tsx
FN:7,RegisterPage
FNF:1
FNH:0
FNDA:0,RegisterPage
DA:1,0
DA:2,0
DA:3,0
DA:4,0
DA:5,0
DA:7,0
LF:6
LH:0
BRF:0
BRH:0
end_of_record
TN:
SF:app\(auth)\reset-password\page.tsx
FN:5,ResetPasswordPage
FNF:1
FNH:0
FNDA:0,ResetPasswordPage
DA:1,0
DA:2,0
DA:3,0
DA:5,0
LF:4
LH:0
BRF:0
BRH:0
end_of_record
TN:
SF:app\(auth)\signin\page.tsx
FN:6,SignInPage
FNF:1
FNH:0
FNDA:0,SignInPage
DA:1,0
DA:2,0
DA:3,0
DA:4,0
DA:6,0
LF:5
LH:0
BRF:0
BRH:0
end_of_record
TN:
SF:app\(auth)\signup\page.tsx
FN:6,SignUpPage
FNF:1
FNH:0
FNDA:0,SignUpPage
DA:1,0
DA:2,0
DA:3,0
DA:4,0
DA:6,0
LF:5
LH:0
BRF:0
BRH:0
end_of_record
TN:
SF:app\(main)\layout.tsx
FN:1,MainLayout
FNF:1
FNH:0
FNDA:0,MainLayout
DA:1,0
LF:1
LH:0
BRF:0
BRH:0
end_of_record
TN:
SF:app\(main)\not-found.tsx
FN:4,NotFound
FNF:1
FNH:0
FNDA:0,NotFound
DA:1,0
DA:2,0
DA:4,0
LF:3
LH:0
BRF:0
BRH:0
end_of_record
TN:
SF:app\(main)\board\page.tsx
FN:6,BoardPage
FN:26,(anonymous_3)
FNF:2
FNH:0
FNDA:0,BoardPage
FNDA:0,(anonymous_3)
DA:1,0
DA:2,0
DA:3,0
DA:4,0
DA:6,0
DA:7,0
DA:10,0
DA:27,0
LF:8
LH:0
BRDA:25,0,0,0
BRDA:24,1,0,0
BRDA:24,1,1,0
BRDA:34,2,0,0
BRF:4
BRH:0
end_of_record
TN:
SF:app\(main)\board\[boardId]\page.tsx
FN:36,BoardPage
FN:121,(anonymous_2)
FN:123,(anonymous_3)
FNF:3
FNH:0
FNDA:0,BoardPage
FNDA:0,(anonymous_2)
FNDA:0,(anonymous_3)
DA:1,0
DA:2,0
DA:3,0
DA:25,0
DA:36,0
DA:37,0
DA:38,0
DA:39,0
DA:40,0
DA:41,0
DA:43,0
DA:46,0
DA:52,0
DA:53,0
DA:57,0
DA:65,0
DA:102,0
DA:103,0
DA:107,0
DA:108,0
DA:112,0
DA:113,0
DA:114,0
DA:116,0
DA:118,0
DA:121,0
DA:123,0
DA:124,0
DA:129,0
DA:130,0
LF:30
LH:0
BRDA:39,0,0,0
BRDA:39,0,1,0
BRDA:40,1,0,0
BRDA:40,1,1,0
BRDA:41,2,0,0
BRDA:41,2,1,0
BRDA:52,3,0,0
BRDA:52,4,0,0
BRDA:52,4,1,0
BRDA:102,5,0,0
BRDA:107,6,0,0
BRDA:118,7,0,0
BRDA:118,7,1,0
BRDA:121,8,0,0
BRDA:121,8,1,0
BRDA:124,9,0,0
BRDA:124,9,1,0
BRDA:124,9,2,0
BRDA:126,10,0,0
BRDA:126,10,1,0
BRDA:141,11,0,0
BRDA:141,11,1,0
BRF:22
BRH:0
end_of_record
TN:
SF:app\(main)\board\[boardId]\new\page.tsx
FN:12,NewPostPage
FN:60,createPost
FN:83,(anonymous_3)
FNF:3
FNH:0
FNDA:0,NewPostPage
FNDA:0,createPost
FNDA:0,(anonymous_3)
DA:1,0
DA:2,0
DA:3,0
DA:12,0
DA:13,0
DA:15,0
DA:20,0
DA:22,0
DA:23,0
DA:27,0
DA:33,0
DA:34,0
DA:38,0
DA:52,0
DA:69,0
DA:73,0
DA:75,0
DA:76,0
DA:80,0
DA:83,0
DA:88,0
DA:100,0
DA:101,0
LF:23
LH:0
BRDA:22,0,0,0
BRDA:33,1,0,0
BRDA:33,2,0,0
BRDA:33,2,1,0
BRDA:38,3,0,0
BRDA:75,4,0,0
BRDA:80,5,0,0
BRDA:80,5,1,0
BRDA:93,6,0,0
BRDA:93,6,1,0
BRDA:94,7,0,0
BRDA:94,7,1,0
BRDA:100,8,0,0
BRDA:110,9,0,0
BRDA:110,9,1,0
BRF:15
BRH:0
end_of_record
TN:
SF:app\(main)\board\[boardId]\post\[postId]\page.tsx
FN:30,PostPage
FNF:1
FNH:0
FNDA:0,PostPage
DA:1,0
DA:2,0
DA:3,0
DA:30,0
DA:31,0
DA:33,0
DA:36,0
DA:42,0
DA:43,0
DA:47,0
DA:62,0
DA:63,0
DA:67,0
DA:73,0
LF:14
LH:0
BRDA:42,0,0,0
BRDA:42,1,0,0
BRDA:42,1,1,0
BRDA:62,2,0,0
BRDA:62,3,0,0
BRDA:62,3,1,0
BRDA:90,4,0,0
BRDA:90,4,1,0
BRF:8
BRH:0
end_of_record
TN:
SF:app\(main)\board\[boardId]\post\[postId]\edit\page.tsx
FN:16,EditPostPage
FN:74,updatePost
FN:97,(anonymous_3)
FNF:3
FNH:0
FNDA:0,EditPostPage
FNDA:0,updatePost
FNDA:0,(anonymous_3)
DA:1,0
DA:2,0
DA:3,0
DA:16,0
DA:17,0
DA:19,0
DA:24,0
DA:26,0
DA:27,0
DA:31,0
DA:37,0
DA:38,0
DA:42,0
DA:48,0
DA:49,0
DA:53,0
DA:55,0
DA:61,0
DA:62,0
DA:67,0
DA:83,0
DA:87,0
DA:89,0
DA:90,0
DA:94,0
DA:97,0
DA:102,0
DA:114,0
DA:115,0
LF:29
LH:0
BRDA:26,0,0,0
BRDA:37,1,0,0
BRDA:37,2,0,0
BRDA:37,2,1,0
BRDA:48,3,0,0
BRDA:48,4,0,0
BRDA:48,4,1,0
BRDA:53,5,0,0
BRDA:61,6,0,0
BRDA:61,7,0,0
BRDA:61,7,1,0
BRDA:89,8,0,0
BRDA:94,9,0,0
BRDA:94,9,1,0
BRDA:107,10,0,0
BRDA:107,10,1,0
BRDA:108,11,0,0
BRDA:108,11,1,0
BRDA:114,12,0,0
BRDA:124,13,0,0
BRDA:124,13,1,0
BRDA:131,14,0,0
BRDA:131,14,1,0
BRF:23
BRH:0
end_of_record
TN:
SF:app\(main)\documents\page.tsx
FN:16,DocumentsPage
FN:91,(anonymous_2)
FN:99,(anonymous_3)
FN:107,(anonymous_4)
FNF:4
FNH:0
FNDA:0,DocumentsPage
FNDA:0,(anonymous_2)
FNDA:0,(anonymous_3)
FNDA:0,(anonymous_4)
DA:1,0
DA:2,0
DA:3,0
DA:6,0
DA:16,0
DA:17,0
DA:18,0
DA:19,0
DA:20,0
DA:22,0
DA:27,0
DA:30,0
DA:68,0
DA:69,0
DA:73,0
DA:74,0
DA:78,0
DA:79,0
DA:80,0
DA:83,0
DA:84,0
DA:86,0
DA:88,0
DA:91,0
DA:93,0
DA:94,0
DA:95,0
DA:96,0
DA:99,0
DA:101,0
DA:102,0
DA:103,0
DA:104,0
DA:107,0
DA:109,0
LF:35
LH:0
BRDA:18,0,0,0
BRDA:18,0,1,0
BRDA:19,1,0,0
BRDA:19,1,1,0
BRDA:20,2,0,0
BRDA:20,2,1,0
BRDA:68,3,0,0
BRDA:73,4,0,0
BRDA:88,5,0,0
BRDA:88,5,1,0
BRDA:94,6,0,0
BRDA:95,7,0,0
BRDA:102,8,0,0
BRDA:103,9,0,0
BRDA:115,10,0,0
BRDA:115,10,1,0
BRF:16
BRH:0
end_of_record
TN:
SF:app\(main)\documents\[id]\page.tsx
FN:13,DocumentPage
FN:102,(anonymous_2)
FNF:2
FNH:0
FNDA:0,DocumentPage
FNDA:0,(anonymous_2)
DA:1,0
DA:2,0
DA:3,0
DA:6,0
DA:13,0
DA:14,0
DA:15,0
DA:20,0
DA:23,0
DA:61,0
DA:62,0
DA:66,0
DA:67,0
DA:70,0
DA:71,0
DA:72,0
DA:75,0
DA:76,0
DA:78,0
DA:79,0
DA:81,0
DA:82,0
DA:86,0
DA:92,0
LF:24
LH:0
BRDA:61,0,0,0
BRDA:61,1,0,0
BRDA:61,1,1,0
BRDA:67,2,0,0
BRDA:67,2,1,0
BRDA:71,3,0,0
BRDA:71,3,1,0
BRDA:72,4,0,0
BRDA:72,4,1,0
BRDA:75,5,0,0
BRDA:75,6,0,0
BRDA:75,6,1,0
BRDA:75,6,2,0
BRDA:78,7,0,0
BRDA:78,8,0,0
BRDA:78,8,1,0
BRDA:81,9,0,0
BRDA:81,10,0,0
BRDA:81,10,1,0
BRF:19
BRH:0
end_of_record
TN:
SF:app\(main)\documents\[id]\edit\page.tsx
FN:10,EditDocumentPage
FNF:1
FNH:0
FNDA:0,EditDocumentPage
DA:1,0
DA:2,0
DA:3,0
DA:10,0
DA:11,0
DA:12,0
DA:17,0
DA:19,0
DA:20,0
DA:24,0
DA:62,0
DA:63,0
DA:67,0
DA:68,0
DA:74,0
DA:76,0
DA:77,0
LF:17
LH:0
BRDA:19,0,0,0
BRDA:62,1,0,0
BRDA:62,2,0,0
BRDA:62,2,1,0
BRDA:74,3,0,0
BRDA:74,3,1,0
BRDA:76,4,0,0
BRDA:76,5,0,0
BRDA:76,5,1,0
BRF:9
BRH:0
end_of_record
TN:
SF:app\(main)\documents\new\DocumentForm.tsx
FN:28,DocumentForm
FN:50,(anonymous_3)
FN:57,(anonymous_4)
FN:58,(anonymous_5)
FN:61,(anonymous_6)
FN:130,(anonymous_7)
FN:150,(anonymous_8)
FN:194,(anonymous_9)
FN:209,(anonymous_10)
FN:290,(anonymous_11)
FN:291,(anonymous_12)
FN:304,(anonymous_13)
FN:309,(anonymous_14)
FN:324,(anonymous_15)
FN:333,(anonymous_16)
FNF:15
FNH:0
FNDA:0,DocumentForm
FNDA:0,(anonymous_3)
FNDA:0,(anonymous_4)
FNDA:0,(anonymous_5)
FNDA:0,(anonymous_6)
FNDA:0,(anonymous_7)
FNDA:0,(anonymous_8)
FNDA:0,(anonymous_9)
FNDA:0,(anonymous_10)
FNDA:0,(anonymous_11)
FNDA:0,(anonymous_12)
FNDA:0,(anonymous_13)
FNDA:0,(anonymous_14)
FNDA:0,(anonymous_15)
FNDA:0,(anonymous_16)
DA:3,0
DA:4,0
DA:5,0
DA:6,0
DA:7,0
DA:8,0
DA:9,0
DA:10,0
DA:11,0
DA:18,0
DA:19,0
DA:20,0
DA:28,0
DA:29,0
DA:30,0
DA:31,0
DA:34,0
DA:35,0
DA:36,0
DA:37,0
DA:40,0
DA:45,0
DA:46,0
DA:47,0
DA:48,0
DA:50,0
DA:51,0
DA:52,0
DA:53,0
DA:57,0
DA:58,0
DA:61,0
DA:62,0
DA:63,0
DA:64,0
DA:67,0
DA:69,0
DA:70,0
DA:81,0
DA:82,0
DA:83,0
DA:84,0
DA:86,0
DA:88,0
DA:89,0
DA:90,0
DA:91,0
DA:93,0
DA:97,0
DA:98,0
DA:100,0
DA:130,0
DA:150,0
DA:194,0
DA:210,0
DA:290,0
DA:292,0
DA:293,0
DA:294,0
DA:305,0
DA:309,0
DA:324,0
DA:333,0
LF:63
LH:0
BRDA:34,0,0,0
BRDA:34,0,1,0
BRDA:35,1,0,0
BRDA:35,1,1,0
BRDA:36,2,0,0
BRDA:36,2,1,0
BRDA:38,3,0,0
BRDA:38,3,1,0
BRDA:41,4,0,0
BRDA:41,4,1,0
BRDA:41,5,0,0
BRDA:41,5,1,0
BRDA:45,6,0,0
BRDA:45,6,1,0
BRDA:47,7,0,0
BRDA:47,7,1,0
BRDA:48,8,0,0
BRDA:48,8,1,0
BRDA:51,9,0,0
BRDA:51,10,0,0
BRDA:51,10,1,0
BRDA:62,11,0,0
BRDA:81,12,0,0
BRDA:81,12,1,0
BRDA:83,13,0,0
BRDA:83,13,1,0
BRDA:83,14,0,0
BRDA:83,14,1,0
BRDA:86,15,0,0
BRDA:86,15,1,0
BRDA:88,16,0,0
BRDA:90,17,0,0
BRDA:90,17,1,0
BRDA:90,18,0,0
BRDA:90,18,1,0
BRDA:93,19,0,0
BRDA:93,19,1,0
BRDA:118,20,0,0
BRDA:118,20,1,0
BRDA:121,21,0,0
BRDA:121,21,1,0
BRDA:133,22,0,0
BRDA:133,22,1,0
BRDA:163,23,0,0
BRDA:164,24,0,0
BRDA:292,25,0,0
BRDA:302,26,0,0
BRDA:328,27,0,0
BRDA:328,27,1,0
BRF:49
BRH:0
end_of_record
TN:
SF:app\(main)\documents\new\page.tsx
FN:5,NewDocumentPage
FNF:1
FNH:0
FNDA:0,NewDocumentPage
DA:1,0
DA:2,0
DA:3,0
DA:5,0
DA:6,0
DA:11,0
DA:13,0
DA:14,0
LF:8
LH:0
BRDA:13,0,0,0
BRF:1
BRH:0
end_of_record
TN:
SF:app\(main)\home\page.tsx
FN:7,getStats
FN:40,HomePage
FN:100,(anonymous_4)
FNF:3
FNH:0
FNDA:0,getStats
FNDA:0,HomePage
FNDA:0,(anonymous_4)
DA:1,0
DA:2,0
DA:3,0
DA:4,0
DA:5,0
DA:8,0
DA:11,0
DA:16,0
DA:21,0
DA:26,0
DA:32,0
DA:40,0
DA:41,0
DA:101,0
LF:14
LH:0
BRDA:33,0,0,0
BRDA:33,0,1,0
BRDA:34,1,0,0
BRDA:34,1,1,0
BRDA:35,2,0,0
BRDA:35,2,1,0
BRDA:36,3,0,0
BRDA:36,3,1,0
BRDA:92,4,0,0
BRDA:120,5,0,0
BRF:10
BRH:0
end_of_record
TN:
SF:app\(main)\member\[username]\page.tsx
FN:13,PublicProfilePage
FNF:1
FNH:0
FNDA:0,PublicProfilePage
DA:1,0
DA:2,0
DA:3,0
DA:4,0
DA:5,0
DA:13,0
DA:14,0
DA:15,0
DA:17,0
DA:23,0
DA:24,0
LF:11
LH:0
BRDA:23,0,0,0
BRDA:23,1,0,0
BRDA:23,1,1,0
BRF:3
BRH:0
end_of_record
TN:
SF:app\(main)\member\profile\page.tsx
FN:10,ProfilePage
FNF:1
FNH:0
FNDA:0,ProfilePage
DA:1,0
DA:2,0
DA:3,0
DA:4,0
DA:5,0
DA:6,0
DA:7,0
DA:8,0
DA:10,0
DA:11,0
DA:14,0
DA:16,0
DA:17,0
DA:20,0
DA:26,0
DA:27,0
LF:16
LH:0
BRDA:16,0,0,0
BRDA:26,1,0,0
BRF:2
BRH:0
end_of_record
TN:
SF:app\(main)\member\settings\page.tsx
FN:8,SettingsPage
FNF:1
FNH:0
FNDA:0,SettingsPage
DA:1,0
DA:2,0
DA:3,0
DA:4,0
DA:5,0
DA:6,0
DA:8,0
DA:9,0
DA:12,0
DA:14,0
DA:15,0
LF:11
LH:0
BRDA:14,0,0,0
BRF:1
BRH:0
end_of_record
TN:
SF:app\(main)\rss\[slug]\route.ts
FN:6,GET
FN:14,(anonymous_7)
FN:45,(anonymous_8)
FN:70,getAllBoardsRSS
FN:74,(anonymous_10)
FN:105,(anonymous_11)
FN:146,generateRSS
FN:150,(anonymous_13)
FN:181,escapeXml
FNF:9
FNH:0
FNDA:0,GET
FNDA:0,(anonymous_7)
FNDA:0,(anonymous_8)
FNDA:0,getAllBoardsRSS
FNDA:0,(anonymous_10)
FNDA:0,(anonymous_11)
FNDA:0,generateRSS
FNDA:0,(anonymous_13)
FNDA:0,escapeXml
DA:1,0
DA:6,0
DA:10,0
DA:11,0
DA:13,0
DA:14,0
DA:15,0
DA:18,0
DA:24,0
DA:25,0
DA:29,0
DA:37,0
DA:40,0
DA:45,0
DA:55,0
DA:62,0
DA:63,0
DA:70,0
DA:71,0
DA:73,0
DA:74,0
DA:75,0
DA:78,0
DA:84,0
DA:100,0
DA:105,0
DA:116,0
DA:123,0
DA:124,0
DA:147,0
DA:149,0
DA:151,0
DA:152,0
DA:153,0
DA:154,0
DA:155,0
DA:156,0
DA:157,0
DA:158,0
DA:160,0
DA:161,0
DA:163,0
DA:164,0
DA:168,0
DA:182,0
LF:45
LH:0
BRDA:24,0,0,0
BRDA:24,1,0,0
BRDA:24,1,1,0
BRDA:37,2,0,0
BRDA:42,3,0,0
BRDA:42,3,1,0
BRDA:45,4,0,0
BRDA:45,4,1,0
BRDA:48,5,0,0
BRDA:48,5,1,0
BRDA:50,6,0,0
BRDA:50,6,1,0
BRDA:105,7,0,0
BRDA:105,7,1,0
BRDA:108,8,0,0
BRDA:108,8,1,0
BRDA:110,9,0,0
BRDA:110,9,1,0
BRDA:157,10,0,0
BRDA:160,11,0,0
BRF:20
BRH:0
end_of_record
TN:
SF:app\(main)\rss\documents\route.ts
FN:6,GET
FN:10,(anonymous_5)
FN:35,(anonymous_6)
FN:75,generateRSS
FN:79,(anonymous_8)
FN:110,escapeXml
FNF:6
FNH:0
FNDA:0,GET
FNDA:0,(anonymous_5)
FNDA:0,(anonymous_6)
FNDA:0,generateRSS
FNDA:0,(anonymous_8)
FNDA:0,escapeXml
DA:1,0
DA:6,0
DA:7,0
DA:9,0
DA:10,0
DA:11,0
DA:14,0
DA:30,0
DA:35,0
DA:45,0
DA:52,0
DA:53,0
DA:76,0
DA:78,0
DA:80,0
DA:81,0
DA:82,0
DA:83,0
DA:84,0
DA:85,0
DA:86,0
DA:87,0
DA:89,0
DA:90,0
DA:92,0
DA:93,0
DA:97,0
DA:111,0
LF:28
LH:0
BRDA:35,0,0,0
BRDA:35,0,1,0
BRDA:37,1,0,0
BRDA:37,1,1,0
BRDA:38,2,0,0
BRDA:38,2,1,0
BRDA:38,2,2,0
BRDA:40,3,0,0
BRDA:40,3,1,0
BRDA:41,4,0,0
BRDA:41,4,1,0
BRDA:86,5,0,0
BRDA:89,6,0,0
BRF:13
BRH:0
end_of_record
TN:
SF:app\[locale]\layout.tsx
FN:4,generateStaticParams
FN:5,(anonymous_4)
FN:8,LocaleLayout
FNF:3
FNH:0
FNDA:0,generateStaticParams
FNDA:0,(anonymous_4)
FNDA:0,LocaleLayout
DA:1,0
DA:2,0
DA:4,0
DA:5,0
DA:8,0
DA:15,0
DA:18,0
DA:19,0
LF:8
LH:0
BRDA:18,0,0,0
BRF:1
BRH:0
end_of_record
TN:
SF:app\[locale]\page.tsx
FN:7,LocalePage
FNF:1
FNH:0
FNDA:0,LocalePage
DA:1,0
DA:7,0
DA:8,0
DA:10,0
LF:4
LH:0
BRF:0
BRH:0
end_of_record
TN:
SF:app\[locale]\(admin)\admin\page.tsx
FNF:0
FNH:0
DA:2,0
LF:1
LH:0
BRF:0
BRH:0
end_of_record
TN:
SF:app\[locale]\(admin)\admin\analytics\page.tsx
FNF:0
FNH:0
DA:2,0
LF:1
LH:0
BRF:0
BRH:0
end_of_record
TN:
SF:app\[locale]\(admin)\admin\boards\page.tsx
FNF:0
FNH:0
DA:2,0
LF:1
LH:0
BRF:0
BRH:0
end_of_record
TN:
SF:app\[locale]\(admin)\admin\dashboard\page.tsx
FNF:0
FNH:0
DA:2,0
LF:1
LH:0
BRF:0
BRH:0
end_of_record
TN:
SF:app\[locale]\(admin)\admin\groups\page.tsx
FNF:0
FNH:0
DA:2,0
LF:1
LH:0
BRF:0
BRH:0
end_of_record
TN:
SF:app\[locale]\(admin)\admin\media\page.tsx
FNF:0
FNH:0
DA:2,0
LF:1
LH:0
BRF:0
BRH:0
end_of_record
TN:
SF:app\[locale]\(admin)\admin\members\page.tsx
FNF:0
FNH:0
DA:2,0
LF:1
LH:0
BRF:0
BRH:0
end_of_record
TN:
SF:app\[locale]\(admin)\admin\menus\page.tsx
FNF:0
FNH:0
DA:2,0
LF:1
LH:0
BRF:0
BRH:0
end_of_record
TN:
SF:app\[locale]\(admin)\admin\modules\page.tsx
FNF:0
FNH:0
DA:2,0
LF:1
LH:0
BRF:0
BRH:0
end_of_record
TN:
SF:app\[locale]\(admin)\admin\pages\page.tsx
FNF:0
FNH:0
DA:2,0
LF:1
LH:0
BRF:0
BRH:0
end_of_record
TN:
SF:app\[locale]\(admin)\admin\permissions\page.tsx
FNF:0
FNH:0
DA:2,0
LF:1
LH:0
BRF:0
BRH:0
end_of_record
TN:
SF:app\[locale]\(admin)\admin\settings\page.tsx
FNF:0
FNH:0
DA:2,0
LF:1
LH:0
BRF:0
BRH:0
end_of_record
TN:
SF:app\[locale]\(admin)\admin\themes\page.tsx
FNF:0
FNH:0
DA:1,0
LF:1
LH:0
BRF:0
BRH:0
end_of_record
TN:
SF:app\[locale]\(admin)\admin\widgets\page.tsx
FNF:0
FNH:0
DA:1,0
LF:1
LH:0
BRF:0
BRH:0
end_of_record
TN:
SF:app\[locale]\(auth)\reset-password\page.tsx
FNF:0
FNH:0
DA:2,0
LF:1
LH:0
BRF:0
BRH:0
end_of_record
TN:
SF:app\[locale]\(auth)\signin\page.tsx
FNF:0
FNH:0
DA:2,0
LF:1
LH:0
BRF:0
BRH:0
end_of_record
TN:
SF:app\[locale]\(auth)\signup\page.tsx
FNF:0
FNH:0
DA:2,0
LF:1
LH:0
BRF:0
BRH:0
end_of_record
TN:
SF:app\[locale]\(main)\layout.tsx
FNF:0
FNH:0
DA:2,0
LF:1
LH:0
BRF:0
BRH:0
end_of_record
TN:
SF:app\[locale]\(main)\board\page.tsx
FN:24,LocaleBoardPage
FN:51,(anonymous_3)
FNF:2
FNH:0
FNDA:0,LocaleBoardPage
FNDA:0,(anonymous_3)
DA:1,0
DA:2,0
DA:3,0
DA:4,0
DA:5,0
DA:6,0
DA:8,0
DA:9,0
DA:10,0
DA:11,0
DA:13,0
DA:24,0
DA:25,0
DA:26,0
DA:27,0
DA:29,0
DA:30,0
DA:32,0
DA:35,0
DA:52,0
LF:20
LH:0
BRDA:50,0,0,0
BRDA:49,1,0,0
BRDA:49,1,1,0
BRDA:59,2,0,0
BRF:4
BRH:0
end_of_record
TN:
SF:app\[locale]\(main)\documents\page.tsx
FNF:0
FNH:0
DA:2,0
LF:1
LH:0
BRF:0
BRH:0
end_of_record
TN:
SF:app\[locale]\(main)\documents\[id]\page.tsx
FN:11,DocumentPage
FN:94,(anonymous_2)
FNF:2
FNH:0
FNDA:0,DocumentPage
FNDA:0,(anonymous_2)
DA:1,0
DA:2,0
DA:3,0
DA:11,0
DA:12,0
DA:13,0
DA:18,0
DA:21,0
DA:59,0
DA:60,0
DA:64,0
DA:65,0
DA:68,0
DA:69,0
DA:70,0
DA:73,0
DA:74,0
DA:76,0
DA:77,0
DA:79,0
DA:80,0
DA:84,0
LF:22
LH:0
BRDA:59,0,0,0
BRDA:59,1,0,0
BRDA:59,1,1,0
BRDA:65,2,0,0
BRDA:65,2,1,0
BRDA:69,3,0,0
BRDA:69,3,1,0
BRDA:70,4,0,0
BRDA:70,4,1,0
BRDA:73,5,0,0
BRDA:73,6,0,0
BRDA:73,6,1,0
BRDA:73,6,2,0
BRDA:76,7,0,0
BRDA:76,8,0,0
BRDA:76,8,1,0
BRDA:79,9,0,0
BRDA:79,10,0,0
BRDA:79,10,1,0
BRF:19
BRH:0
end_of_record
TN:
SF:app\[locale]\(main)\documents\[id]\edit\page.tsx
FN:10,EditDocumentPage
FNF:1
FNH:0
FNDA:0,EditDocumentPage
DA:1,0
DA:2,0
DA:3,0
DA:10,0
DA:11,0
DA:12,0
DA:17,0
DA:19,0
DA:20,0
DA:24,0
DA:62,0
DA:63,0
DA:67,0
DA:68,0
DA:74,0
DA:76,0
DA:77,0
LF:17
LH:0
BRDA:19,0,0,0
BRDA:62,1,0,0
BRDA:62,2,0,0
BRDA:62,2,1,0
BRDA:74,3,0,0
BRDA:74,3,1,0
BRDA:76,4,0,0
BRDA:76,5,0,0
BRDA:76,5,1,0
BRF:9
BRH:0
end_of_record
TN:
SF:app\[locale]\(main)\documents\new\page.tsx
FN:9,NewDocumentPage
FNF:1
FNH:0
FNDA:0,NewDocumentPage
DA:1,0
DA:2,0
DA:3,0
DA:9,0
DA:10,0
DA:11,0
DA:16,0
DA:18,0
DA:19,0
LF:9
LH:0
BRDA:18,0,0,0
BRF:1
BRH:0
end_of_record
TN:
SF:app\[locale]\(main)\home\page.tsx
FN:26,getNoticePosts
FN:56,(anonymous_3)
FN:62,(anonymous_4)
FN:65,(anonymous_5)
FN:72,(anonymous_6)
FN:97,getRecentPosts
FN:126,(anonymous_8)
FN:132,(anonymous_9)
FN:136,(anonymous_10)
FN:137,(anonymous_11)
FN:144,(anonymous_12)
FN:166,LocaleHomePage
FNF:12
FNH:0
FNDA:0,getNoticePosts
FNDA:0,(anonymous_3)
FNDA:0,(anonymous_4)
FNDA:0,(anonymous_5)
FNDA:0,(anonymous_6)
FNDA:0,getRecentPosts
FNDA:0,(anonymous_8)
FNDA:0,(anonymous_9)
FNDA:0,(anonymous_10)
FNDA:0,(anonymous_11)
FNDA:0,(anonymous_12)
FNDA:0,LocaleHomePage
DA:1,0
DA:2,0
DA:3,0
DA:5,0
DA:7,0
DA:8,0
DA:9,0
DA:10,0
DA:12,0
DA:27,0
DA:28,0
DA:30,0
DA:53,0
DA:56,0
DA:57,0
DA:62,0
DA:65,0
DA:66,0
DA:72,0
DA:74,0
DA:90,0
DA:98,0
DA:99,0
DA:101,0
DA:123,0
DA:126,0
DA:127,0
DA:132,0
DA:135,0
DA:136,0
DA:138,0
DA:144,0
DA:146,0
DA:162,0
DA:166,0
DA:167,0
DA:168,0
DA:169,0
DA:171,0
DA:172,0
DA:174,0
DA:179,0
LF:42
LH:0
BRDA:53,0,0,0
BRDA:62,1,0,0
BRDA:62,1,1,0
BRDA:78,2,0,0
BRDA:78,2,1,0
BRDA:78,2,2,0
BRDA:85,3,0,0
BRDA:85,3,1,0
BRDA:86,4,0,0
BRDA:86,4,1,0
BRDA:123,5,0,0
BRDA:132,6,0,0
BRDA:132,6,1,0
BRDA:150,7,0,0
BRDA:150,7,1,0
BRDA:150,7,2,0
BRDA:157,8,0,0
BRDA:157,8,1,0
BRDA:158,9,0,0
BRDA:158,9,1,0
BRDA:184,10,0,0
BRDA:207,11,0,0
BRF:22
BRH:0
end_of_record
TN:
SF:app\[locale]\(main)\member\[username\page.tsx
FNF:0
FNH:0
DA:2,0
LF:1
LH:0
BRF:0
BRH:0
end_of_record
TN:
SF:app\[locale]\(main)\member\profile\page.tsx
FN:14,LocaleProfilePage
FNF:1
FNH:0
FNDA:0,LocaleProfilePage
DA:1,0
DA:2,0
DA:3,0
DA:4,0
DA:5,0
DA:6,0
DA:7,0
DA:8,0
DA:14,0
DA:15,0
DA:16,0
DA:19,0
DA:21,0
DA:22,0
DA:25,0
DA:31,0
DA:32,0
LF:17
LH:0
BRDA:21,0,0,0
BRDA:31,1,0,0
BRF:2
BRH:0
end_of_record
TN:
SF:app\[locale]\(main)\member\settings\page.tsx
FN:12,LocaleSettingsPage
FNF:1
FNH:0
FNDA:0,LocaleSettingsPage
DA:1,0
DA:2,0
DA:3,0
DA:4,0
DA:5,0
DA:6,0
DA:12,0
DA:13,0
DA:14,0
DA:17,0
DA:19,0
DA:20,0
LF:12
LH:0
BRDA:19,0,0,0
BRF:1
BRH:0
end_of_record
TN:
SF:app\actions\admin.ts
FN:90,checkAdminAccess
FN:114,getSiteConfig
FN:153,updateSiteConfig
FN:201,getAdminBoards
FN:221,(anonymous_34)
FN:234,createBoard
FN:274,updateBoard
FN:326,deleteBoard
FN:353,getAdminMembers
FN:379,updateMemberRole
FN:414,suspendMember
FN:444,unsuspendMember
FN:473,deleteMember
FN:506,getDashboardStats
FN:544,getRecentActivities
FN:595,(anonymous_45)
FN:605,(anonymous_46)
FN:615,(anonymous_47)
FN:626,(anonymous_48)
FN:767,getGroups
FN:838,createGroup
FN:887,updateGroup
FN:943,deleteGroup
FN:980,getPermissions
FN:1075,createPermission
FN:1130,updatePermission
FN:1181,deletePermission
FN:1214,assignPermissionToGroup
FN:1257,getModules
FN:1349,toggleModule
FN:1415,getPages
FN:1506,createPage
FN:1568,updatePage
FN:1623,deletePage
FN:1660,getAnalytics
FNF:35
FNH:0
FNDA:0,checkAdminAccess
FNDA:0,getSiteConfig
FNDA:0,updateSiteConfig
FNDA:0,getAdminBoards
FNDA:0,(anonymous_34)
FNDA:0,createBoard
FNDA:0,updateBoard
FNDA:0,deleteBoard
FNDA:0,getAdminMembers
FNDA:0,updateMemberRole
FNDA:0,suspendMember
FNDA:0,unsuspendMember
FNDA:0,deleteMember
FNDA:0,getDashboardStats
FNDA:0,getRecentActivities
FNDA:0,(anonymous_45)
FNDA:0,(anonymous_46)
FNDA:0,(anonymous_47)
FNDA:0,(anonymous_48)
FNDA:0,getGroups
FNDA:0,createGroup
FNDA:0,updateGroup
FNDA:0,deleteGroup
FNDA:0,getPermissions
FNDA:0,createPermission
FNDA:0,updatePermission
FNDA:0,deletePermission
FNDA:0,assignPermissionToGroup
FNDA:0,getModules
FNDA:0,toggleModule
FNDA:0,getPages
FNDA:0,createPage
FNDA:0,updatePage
FNDA:0,deletePage
FNDA:0,getAnalytics
DA:3,0
DA:11,0
DA:91,0
DA:95,0
DA:97,0
DA:98,0
DA:101,0
DA:103,0
DA:104,0
DA:107,0
DA:114,0
DA:115,0
DA:116,0
DA:118,0
DA:120,0
DA:121,0
DA:122,0
DA:125,0
DA:127,0
DA:146,0
DA:148,0
DA:149,0
DA:153,0
DA:154,0
DA:155,0
DA:156,0
DA:157,0
DA:160,0
DA:163,0
DA:167,0
DA:169,0
DA:180,0
DA:183,0
DA:185,0
DA:186,0
DA:187,0
DA:190,0
DA:192,0
DA:193,0
DA:201,0
DA:202,0
DA:203,0
DA:204,0
DA:205,0
DA:208,0
DA:210,0
DA:215,0
DA:216,0
DA:217,0
DA:221,0
DA:227,0
DA:229,0
DA:230,0
DA:234,0
DA:235,0
DA:236,0
DA:237,0
DA:238,0
DA:241,0
DA:243,0
DA:255,0
DA:256,0
DA:257,0
DA:261,0
DA:267,0
DA:269,0
DA:270,0
DA:274,0
DA:275,0
DA:276,0
DA:277,0
DA:278,0
DA:281,0
DA:284,0
DA:287,0
DA:288,0
DA:290,0
DA:291,0
DA:293,0
DA:294,0
DA:296,0
DA:297,0
DA:300,0
DA:307,0
DA:308,0
DA:309,0
DA:313,0
DA:319,0
DA:321,0
DA:322,0
DA:326,0
DA:327,0
DA:328,0
DA:329,0
DA:330,0
DA:333,0
DA:335,0
DA:337,0
DA:338,0
DA:339,0
DA:342,0
DA:344,0
DA:345,0
DA:353,0
DA:354,0
DA:355,0
DA:356,0
DA:357,0
DA:360,0
DA:362,0
DA:367,0
DA:368,0
DA:369,0
DA:372,0
DA:374,0
DA:375,0
DA:379,0
DA:380,0
DA:381,0
DA:382,0
DA:383,0
DA:386,0
DA:387,0
DA:390,0
DA:392,0
DA:402,0
DA:403,0
DA:404,0
DA:407,0
DA:409,0
DA:410,0
DA:414,0
DA:415,0
DA:416,0
DA:417,0
DA:418,0
DA:421,0
DA:424,0
DA:432,0
DA:433,0
DA:434,0
DA:437,0
DA:439,0
DA:440,0
DA:444,0
DA:445,0
DA:446,0
DA:447,0
DA:448,0
DA:451,0
DA:453,0
DA:461,0
DA:462,0
DA:463,0
DA:466,0
DA:468,0
DA:469,0
DA:473,0
DA:474,0
DA:475,0
DA:476,0
DA:477,0
DA:480,0
DA:483,0
DA:484,0
DA:488,0
DA:490,0
DA:491,0
DA:492,0
DA:495,0
DA:497,0
DA:498,0
DA:506,0
DA:514,0
DA:515,0
DA:516,0
DA:517,0
DA:520,0
DA:522,0
DA:529,0
DA:539,0
DA:540,0
DA:544,0
DA:555,0
DA:556,0
DA:557,0
DA:558,0
DA:561,0
DA:564,0
DA:572,0
DA:580,0
DA:593,0
DA:595,0
DA:596,0
DA:605,0
DA:606,0
DA:615,0
DA:616,0
DA:626,0
DA:628,0
DA:630,0
DA:631,0
DA:767,0
DA:768,0
DA:769,0
DA:770,0
DA:771,0
DA:803,0
DA:827,0
DA:829,0
DA:830,0
DA:838,0
DA:839,0
DA:840,0
DA:841,0
DA:842,0
DA:845,0
DA:846,0
DA:868,0
DA:876,0
DA:878,0
DA:879,0
DA:887,0
DA:888,0
DA:889,0
DA:890,0
DA:891,0
DA:894,0
DA:895,0
DA:924,0
DA:932,0
DA:934,0
DA:935,0
DA:943,0
DA:944,0
DA:945,0
DA:946,0
DA:947,0
DA:950,0
DA:951,0
DA:965,0
DA:967,0
DA:968,0
DA:980,0
DA:981,0
DA:982,0
DA:983,0
DA:984,0
DA:1021,0
DA:1064,0
DA:1066,0
DA:1067,0
DA:1075,0
DA:1080,0
DA:1081,0
DA:1082,0
DA:1083,0
DA:1086,0
DA:1087,0
DA:1110,0
DA:1119,0
DA:1121,0
DA:1122,0
DA:1130,0
DA:1131,0
DA:1132,0
DA:1133,0
DA:1134,0
DA:1137,0
DA:1138,0
DA:1161,0
DA:1170,0
DA:1172,0
DA:1173,0
DA:1181,0
DA:1182,0
DA:1183,0
DA:1184,0
DA:1185,0
DA:1188,0
DA:1189,0
DA:1203,0
DA:1205,0
DA:1206,0
DA:1214,0
DA:1218,0
DA:1219,0
DA:1220,0
DA:1221,0
DA:1224,0
DA:1225,0
DA:1242,0
DA:1244,0
DA:1245,0
DA:1257,0
DA:1258,0
DA:1259,0
DA:1260,0
DA:1261,0
DA:1280,0
DA:1338,0
DA:1340,0
DA:1341,0
DA:1349,0
DA:1350,0
DA:1351,0
DA:1352,0
DA:1353,0
DA:1356,0
DA:1357,0
DA:1384,0
DA:1396,0
DA:1402,0
DA:1403,0
DA:1415,0
DA:1416,0
DA:1417,0
DA:1418,0
DA:1419,0
DA:1437,0
DA:1495,0
DA:1497,0
DA:1498,0
DA:1506,0
DA:1512,0
DA:1513,0
DA:1514,0
DA:1515,0
DA:1518,0
DA:1519,0
DA:1545,0
DA:1557,0
DA:1559,0
DA:1560,0
DA:1568,0
DA:1569,0
DA:1570,0
DA:1571,0
DA:1572,0
DA:1575,0
DA:1576,0
DA:1600,0
DA:1612,0
DA:1614,0
DA:1615,0
DA:1623,0
DA:1624,0
DA:1625,0
DA:1626,0
DA:1627,0
DA:1630,0
DA:1631,0
DA:1645,0
DA:1647,0
DA:1648,0
DA:1660,0
DA:1661,0
DA:1662,0
DA:1663,0
DA:1664,0
DA:1747,0
DA:1776,0
DA:1778,0
DA:1779,0
LF:364
LH:0
BRDA:97,0,0,0
BRDA:103,1,0,0
BRDA:103,2,0,0
BRDA:103,2,1,0
BRDA:120,3,0,0
BRDA:120,4,0,0
BRDA:120,4,1,0
BRDA:125,5,0,0
BRDA:156,6,0,0
BRDA:167,7,0,0
BRDA:167,7,1,0
BRDA:185,8,0,0
BRDA:204,9,0,0
BRDA:215,10,0,0
BRDA:221,11,0,0
BRDA:221,11,1,0
BRDA:237,12,0,0
BRDA:248,13,0,0
BRDA:248,13,1,0
BRDA:250,14,0,0
BRDA:250,14,1,0
BRDA:255,15,0,0
BRDA:277,16,0,0
BRDA:287,17,0,0
BRDA:290,18,0,0
BRDA:293,19,0,0
BRDA:296,20,0,0
BRDA:307,21,0,0
BRDA:329,22,0,0
BRDA:337,23,0,0
BRDA:356,24,0,0
BRDA:367,25,0,0
BRDA:372,26,0,0
BRDA:372,26,1,0
BRDA:382,27,0,0
BRDA:386,28,0,0
BRDA:402,29,0,0
BRDA:417,30,0,0
BRDA:432,31,0,0
BRDA:447,32,0,0
BRDA:461,33,0,0
BRDA:476,34,0,0
BRDA:483,35,0,0
BRDA:490,36,0,0
BRDA:516,37,0,0
BRDA:532,38,0,0
BRDA:532,38,1,0
BRDA:533,39,0,0
BRDA:533,39,1,0
BRDA:534,40,0,0
BRDA:534,40,1,0
BRDA:535,41,0,0
BRDA:535,41,1,0
BRDA:544,42,0,0
BRDA:557,43,0,0
BRDA:595,44,0,0
BRDA:595,44,1,0
BRDA:605,45,0,0
BRDA:605,45,1,0
BRDA:609,46,0,0
BRDA:609,46,1,0
BRDA:615,47,0,0
BRDA:615,47,1,0
BRDA:770,48,0,0
BRDA:841,49,0,0
BRDA:845,50,0,0
BRDA:845,51,0,0
BRDA:845,51,1,0
BRDA:871,52,0,0
BRDA:871,52,1,0
BRDA:890,53,0,0
BRDA:894,54,0,0
BRDA:926,55,0,0
BRDA:926,55,1,0
BRDA:927,56,0,0
BRDA:927,56,1,0
BRDA:946,57,0,0
BRDA:950,58,0,0
BRDA:983,59,0,0
BRDA:1082,60,0,0
BRDA:1086,61,0,0
BRDA:1086,62,0,0
BRDA:1086,62,1,0
BRDA:1113,63,0,0
BRDA:1113,63,1,0
BRDA:1133,64,0,0
BRDA:1137,65,0,0
BRDA:1163,66,0,0
BRDA:1163,66,1,0
BRDA:1164,67,0,0
BRDA:1164,67,1,0
BRDA:1165,68,0,0
BRDA:1165,68,1,0
BRDA:1184,69,0,0
BRDA:1188,70,0,0
BRDA:1220,71,0,0
BRDA:1224,72,0,0
BRDA:1224,73,0,0
BRDA:1224,73,1,0
BRDA:1260,74,0,0
BRDA:1352,75,0,0
BRDA:1356,76,0,0
BRDA:1399,77,0,0
BRDA:1399,77,1,0
BRDA:1418,78,0,0
BRDA:1510,79,0,0
BRDA:1514,80,0,0
BRDA:1518,81,0,0
BRDA:1518,82,0,0
BRDA:1518,82,1,0
BRDA:1549,83,0,0
BRDA:1549,83,1,0
BRDA:1571,84,0,0
BRDA:1575,85,0,0
BRDA:1602,86,0,0
BRDA:1602,86,1,0
BRDA:1603,87,0,0
BRDA:1603,87,1,0
BRDA:1604,88,0,0
BRDA:1604,88,1,0
BRDA:1605,89,0,0
BRDA:1605,89,1,0
BRDA:1626,90,0,0
BRDA:1630,91,0,0
BRDA:1663,92,0,0
BRF:125
BRH:0
end_of_record
TN:
SF:app\actions\auth.ts
FN:9,getErrorMessage
FN:24,mapSupabaseError
FN:53,signIn
FN:86,signUp
FN:128,signOut
FN:144,resetPassword
FN:174,updatePassword
FN:206,getSession
FN:217,getCurrentUser
FNF:9
FNH:0
FNDA:0,getErrorMessage
FNDA:0,mapSupabaseError
FNDA:0,signIn
FNDA:0,signUp
FNDA:0,signOut
FNDA:0,resetPassword
FNDA:0,updatePassword
FNDA:0,getSession
FNDA:0,getCurrentUser
DA:3,0
DA:4,0
DA:5,0
DA:6,0
DA:10,0
DA:21,0
DA:25,0
DA:26,0
DA:28,0
DA:29,0
DA:31,0
DA:32,0
DA:34,0
DA:35,0
DA:37,0
DA:38,0
DA:40,0
DA:41,0
DA:43,0
DA:44,0
DA:46,0
DA:47,0
DA:50,0
DA:53,0
DA:54,0
DA:59,0
DA:60,0
DA:61,0
DA:67,0
DA:69,0
DA:74,0
DA:75,0
DA:76,0
DA:82,0
DA:83,0
DA:86,0
DA:87,0
DA:94,0
DA:95,0
DA:96,0
DA:102,0
DA:104,0
DA:114,0
DA:115,0
DA:116,0
DA:122,0
DA:128,0
DA:129,0
DA:131,0
DA:133,0
DA:134,0
DA:140,0
DA:141,0
DA:144,0
DA:145,0
DA:147,0
DA:148,0
DA:154,0
DA:156,0
DA:160,0
DA:161,0
DA:162,0
DA:168,0
DA:174,0
DA:175,0
DA:177,0
DA:178,0
DA:184,0
DA:186,0
DA:190,0
DA:191,0
DA:192,0
DA:198,0
DA:200,0
DA:206,0
DA:207,0
DA:208,0
DA:210,0
DA:211,0
DA:214,0
DA:217,0
DA:218,0
DA:219,0
DA:221,0
DA:222,0
DA:225,0
LF:86
LH:0
BRDA:28,0,0,0
BRDA:28,1,0,0
BRDA:28,1,1,0
BRDA:31,2,0,0
BRDA:31,3,0,0
BRDA:31,3,1,0
BRDA:34,4,0,0
BRDA:34,5,0,0
BRDA:34,5,1,0
BRDA:37,6,0,0
BRDA:37,7,0,0
BRDA:37,7,1,0
BRDA:40,8,0,0
BRDA:43,9,0,0
BRDA:43,10,0,0
BRDA:43,10,1,0
BRDA:46,11,0,0
BRDA:46,12,0,0
BRDA:46,12,1,0
BRDA:60,13,0,0
BRDA:63,14,0,0
BRDA:63,14,1,0
BRDA:74,15,0,0
BRDA:95,16,0,0
BRDA:98,17,0,0
BRDA:98,17,1,0
BRDA:109,18,0,0
BRDA:109,18,1,0
BRDA:114,19,0,0
BRDA:133,20,0,0
BRDA:147,21,0,0
BRDA:150,22,0,0
BRDA:150,22,1,0
BRDA:160,23,0,0
BRDA:177,24,0,0
BRDA:180,25,0,0
BRDA:180,25,1,0
BRDA:190,26,0,0
BRDA:210,27,0,0
BRDA:221,28,0,0
BRDA:221,29,0,0
BRDA:221,29,1,0
BRDA:227,30,0,0
BRDA:227,30,1,0
BRDA:228,31,0,0
BRDA:228,31,1,0
BRDA:229,32,0,0
BRDA:229,32,1,0
BRF:48
BRH:0
end_of_record
TN:
SF:app\actions\board.ts
FN:52,transformPostData
FN:60,transformCommentData
FN:74,getPosts
FN:212,getPost
FN:273,createPost
FN:376,updatePost
FN:477,deletePost
FN:535,getComments
FN:584,(anonymous_27)
FN:589,(anonymous_28)
FN:607,createComment
FN:720,updateComment
FN:795,deleteComment
FN:853,getCategories
FN:873,(anonymous_33)
FN:878,(anonymous_34)
FN:896,createCategory
FN:969,updateCategory
FN:1022,toggleVote
FN:1134,createBoard
FN:1214,updateBoard
FN:1274,deleteBoard
FN:1312,getBoards
FN:1384,getBoardBySlug
FNF:24
FNH:0
FNDA:0,transformPostData
FNDA:0,transformCommentData
FNDA:0,getPosts
FNDA:0,getPost
FNDA:0,createPost
FNDA:0,updatePost
FNDA:0,deletePost
FNDA:0,getComments
FNDA:0,(anonymous_27)
FNDA:0,(anonymous_28)
FNDA:0,createComment
FNDA:0,updateComment
FNDA:0,deleteComment
FNDA:0,getCategories
FNDA:0,(anonymous_33)
FNDA:0,(anonymous_34)
FNDA:0,createCategory
FNDA:0,updateCategory
FNDA:0,toggleVote
FNDA:0,createBoard
FNDA:0,updateBoard
FNDA:0,deleteBoard
FNDA:0,getBoards
FNDA:0,getBoardBySlug
DA:3,0
DA:26,0
DA:53,0
DA:61,0
DA:74,0
DA:78,0
DA:79,0
DA:94,0
DA:96,0
DA:99,0
DA:138,0
DA:139,0
DA:142,0
DA:143,0
DA:146,0
DA:147,0
DA:150,0
DA:151,0
DA:154,0
DA:155,0
DA:158,0
DA:159,0
DA:162,0
DA:163,0
DA:167,0
DA:168,0
DA:175,0
DA:178,0
DA:180,0
DA:182,0
DA:183,0
DA:184,0
DA:187,0
DA:189,0
DA:204,0
DA:205,0
DA:212,0
DA:213,0
DA:214,0
DA:217,0
DA:222,0
DA:259,0
DA:260,0
DA:263,0
DA:265,0
DA:266,0
DA:273,0
DA:274,0
DA:275,0
DA:280,0
DA:282,0
DA:283,0
DA:287,0
DA:293,0
DA:294,0
DA:297,0
DA:298,0
DA:302,0
DA:304,0
DA:358,0
DA:359,0
DA:360,0
DA:364,0
DA:366,0
DA:368,0
DA:369,0
DA:376,0
DA:380,0
DA:381,0
DA:386,0
DA:388,0
DA:389,0
DA:393,0
DA:399,0
DA:400,0
DA:404,0
DA:406,0
DA:408,0
DA:409,0
DA:413,0
DA:415,0
DA:421,0
DA:422,0
DA:425,0
DA:462,0
DA:463,0
DA:464,0
DA:467,0
DA:469,0
DA:470,0
DA:477,0
DA:478,0
DA:479,0
DA:484,0
DA:486,0
DA:487,0
DA:491,0
DA:497,0
DA:498,0
DA:502,0
DA:504,0
DA:506,0
DA:507,0
DA:511,0
DA:513,0
DA:514,0
DA:515,0
DA:519,0
DA:521,0
DA:523,0
DA:524,0
DA:535,0
DA:539,0
DA:540,0
DA:541,0
DA:543,0
DA:573,0
DA:574,0
DA:575,0
DA:579,0
DA:580,0
DA:582,0
DA:584,0
DA:585,0
DA:586,0
DA:589,0
DA:590,0
DA:591,0
DA:593,0
DA:597,0
DA:599,0
DA:600,0
DA:607,0
DA:608,0
DA:609,0
DA:614,0
DA:616,0
DA:617,0
DA:621,0
DA:627,0
DA:628,0
DA:631,0
DA:632,0
DA:636,0
DA:637,0
DA:638,0
DA:640,0
DA:641,0
DA:647,0
DA:648,0
DA:649,0
DA:653,0
DA:662,0
DA:665,0
DA:705,0
DA:706,0
DA:707,0
DA:710,0
DA:712,0
DA:713,0
DA:720,0
DA:724,0
DA:725,0
DA:730,0
DA:732,0
DA:733,0
DA:737,0
DA:743,0
DA:744,0
DA:747,0
DA:748,0
DA:751,0
DA:780,0
DA:781,0
DA:782,0
DA:785,0
DA:787,0
DA:788,0
DA:795,0
DA:796,0
DA:797,0
DA:802,0
DA:804,0
DA:805,0
DA:809,0
DA:815,0
DA:816,0
DA:820,0
DA:822,0
DA:824,0
DA:825,0
DA:829,0
DA:834,0
DA:835,0
DA:836,0
DA:839,0
DA:841,0
DA:842,0
DA:853,0
DA:854,0
DA:855,0
DA:857,0
DA:864,0
DA:865,0
DA:866,0
DA:870,0
DA:871,0
DA:873,0
DA:874,0
DA:875,0
DA:878,0
DA:879,0
DA:880,0
DA:882,0
DA:886,0
DA:888,0
DA:889,0
DA:896,0
DA:897,0
DA:898,0
DA:903,0
DA:905,0
DA:906,0
DA:910,0
DA:912,0
DA:913,0
DA:917,0
DA:918,0
DA:920,0
DA:921,0
DA:927,0
DA:928,0
DA:929,0
DA:933,0
DA:950,0
DA:951,0
DA:952,0
DA:955,0
DA:961,0
DA:962,0
DA:969,0
DA:973,0
DA:974,0
DA:979,0
DA:981,0
DA:982,0
DA:986,0
DA:988,0
DA:989,0
DA:992,0
DA:999,0
DA:1000,0
DA:1001,0
DA:1004,0
DA:1010,0
DA:1011,0
DA:1022,0
DA:1027,0
DA:1028,0
DA:1033,0
DA:1035,0
DA:1036,0
DA:1040,0
DA:1048,0
DA:1050,0
DA:1053,0
DA:1054,0
DA:1061,0
DA:1067,0
DA:1078,0
DA:1085,0
DA:1086,0
DA:1087,0
DA:1091,0
DA:1092,0
DA:1099,0
DA:1105,0
DA:1115,0
DA:1116,0
DA:1134,0
DA:1151,0
DA:1152,0
DA:1157,0
DA:1159,0
DA:1160,0
DA:1164,0
DA:1166,0
DA:1167,0
DA:1171,0
DA:1173,0
DA:1174,0
DA:1177,0
DA:1199,0
DA:1200,0
DA:1201,0
DA:1204,0
DA:1206,0
DA:1207,0
DA:1214,0
DA:1233,0
DA:1234,0
DA:1239,0
DA:1241,0
DA:1242,0
DA:1246,0
DA:1248,0
DA:1249,0
DA:1252,0
DA:1259,0
DA:1260,0
DA:1261,0
DA:1264,0
DA:1266,0
DA:1267,0
DA:1274,0
DA:1275,0
DA:1276,0
DA:1281,0
DA:1283,0
DA:1284,0
DA:1288,0
DA:1290,0
DA:1291,0
DA:1295,0
DA:1297,0
DA:1298,0
DA:1299,0
DA:1302,0
DA:1304,0
DA:1305,0
DA:1312,0
DA:1327,0
DA:1328,0
DA:1330,0
DA:1351,0
DA:1352,0
DA:1355,0
DA:1356,0
DA:1359,0
DA:1360,0
DA:1363,0
DA:1364,0
DA:1367,0
DA:1369,0
DA:1370,0
DA:1371,0
DA:1374,0
DA:1376,0
DA:1377,0
DA:1384,0
DA:1407,0
DA:1408,0
DA:1410,0
DA:1417,0
DA:1418,0
DA:1421,0
DA:1423,0
DA:1424,0
LF:358
LH:0
BRDA:55,0,0,0
BRDA:55,0,1,0
BRDA:55,1,0,0
BRDA:55,1,1,0
BRDA:56,2,0,0
BRDA:56,2,1,0
BRDA:56,3,0,0
BRDA:56,3,1,0
BRDA:63,4,0,0
BRDA:63,4,1,0
BRDA:63,5,0,0
BRDA:63,5,1,0
BRDA:76,6,0,0
BRDA:81,7,0,0
BRDA:82,8,0,0
BRDA:86,9,0,0
BRDA:90,10,0,0
BRDA:91,11,0,0
BRDA:138,12,0,0
BRDA:142,13,0,0
BRDA:146,14,0,0
BRDA:150,15,0,0
BRDA:154,16,0,0
BRDA:154,17,0,0
BRDA:154,17,1,0
BRDA:158,18,0,0
BRDA:162,19,0,0
BRDA:167,20,0,0
BRDA:167,21,0,0
BRDA:167,21,1,0
BRDA:182,22,0,0
BRDA:187,23,0,0
BRDA:187,23,1,0
BRDA:192,24,0,0
BRDA:192,24,1,0
BRDA:196,25,0,0
BRDA:196,25,1,0
BRDA:259,26,0,0
BRDA:259,27,0,0
BRDA:259,27,1,0
BRDA:282,28,0,0
BRDA:293,29,0,0
BRDA:293,30,0,0
BRDA:293,30,1,0
BRDA:297,31,0,0
BRDA:302,32,0,0
BRDA:302,32,1,0
BRDA:308,33,0,0
BRDA:308,33,1,0
BRDA:314,34,0,0
BRDA:314,34,1,0
BRDA:316,35,0,0
BRDA:316,35,1,0
BRDA:317,36,0,0
BRDA:317,36,1,0
BRDA:318,37,0,0
BRDA:318,37,1,0
BRDA:319,38,0,0
BRDA:319,38,1,0
BRDA:320,39,0,0
BRDA:320,39,1,0
BRDA:322,40,0,0
BRDA:322,40,1,0
BRDA:323,41,0,0
BRDA:323,41,1,0
BRDA:358,42,0,0
BRDA:388,43,0,0
BRDA:399,44,0,0
BRDA:399,45,0,0
BRDA:399,45,1,0
BRDA:406,46,0,0
BRDA:406,46,1,0
BRDA:408,47,0,0
BRDA:408,48,0,0
BRDA:408,48,1,0
BRDA:413,49,0,0
BRDA:413,49,1,0
BRDA:421,50,0,0
BRDA:462,51,0,0
BRDA:486,52,0,0
BRDA:497,53,0,0
BRDA:497,54,0,0
BRDA:497,54,1,0
BRDA:504,55,0,0
BRDA:504,55,1,0
BRDA:506,56,0,0
BRDA:506,57,0,0
BRDA:506,57,1,0
BRDA:513,58,0,0
BRDA:537,59,0,0
BRDA:541,60,0,0
BRDA:573,61,0,0
BRDA:582,62,0,0
BRDA:582,62,1,0
BRDA:590,63,0,0
BRDA:590,63,1,0
BRDA:590,64,0,0
BRDA:590,64,1,0
BRDA:616,65,0,0
BRDA:627,66,0,0
BRDA:627,67,0,0
BRDA:627,67,1,0
BRDA:631,68,0,0
BRDA:631,69,0,0
BRDA:631,69,1,0
BRDA:640,70,0,0
BRDA:640,70,1,0
BRDA:647,71,0,0
BRDA:647,72,0,0
BRDA:647,72,1,0
BRDA:649,73,0,0
BRDA:649,73,1,0
BRDA:662,74,0,0
BRDA:662,74,1,0
BRDA:669,75,0,0
BRDA:669,75,1,0
BRDA:674,76,0,0
BRDA:674,76,1,0
BRDA:675,77,0,0
BRDA:675,77,1,0
BRDA:705,78,0,0
BRDA:732,79,0,0
BRDA:743,80,0,0
BRDA:743,81,0,0
BRDA:743,81,1,0
BRDA:747,82,0,0
BRDA:780,83,0,0
BRDA:804,84,0,0
BRDA:815,85,0,0
BRDA:815,86,0,0
BRDA:815,86,1,0
BRDA:822,87,0,0
BRDA:822,87,1,0
BRDA:824,88,0,0
BRDA:824,89,0,0
BRDA:824,89,1,0
BRDA:834,90,0,0
BRDA:864,91,0,0
BRDA:879,92,0,0
BRDA:879,92,1,0
BRDA:879,93,0,0
BRDA:879,93,1,0
BRDA:905,94,0,0
BRDA:912,95,0,0
BRDA:912,96,0,0
BRDA:912,96,1,0
BRDA:912,96,2,0
BRDA:920,97,0,0
BRDA:927,98,0,0
BRDA:927,99,0,0
BRDA:927,99,1,0
BRDA:929,100,0,0
BRDA:929,100,1,0
BRDA:937,101,0,0
BRDA:937,101,1,0
BRDA:940,102,0,0
BRDA:940,102,1,0
BRDA:941,103,0,0
BRDA:941,103,1,0
BRDA:942,104,0,0
BRDA:942,104,1,0
BRDA:943,105,0,0
BRDA:943,105,1,0
BRDA:950,106,0,0
BRDA:981,107,0,0
BRDA:988,108,0,0
BRDA:988,109,0,0
BRDA:988,109,1,0
BRDA:988,109,2,0
BRDA:999,110,0,0
BRDA:1025,111,0,0
BRDA:1035,112,0,0
BRDA:1048,113,0,0
BRDA:1053,114,0,0
BRDA:1053,114,1,0
BRDA:1055,115,0,0
BRDA:1055,115,1,0
BRDA:1062,116,0,0
BRDA:1062,116,1,0
BRDA:1070,117,0,0
BRDA:1070,117,1,0
BRDA:1085,118,0,0
BRDA:1091,119,0,0
BRDA:1091,119,1,0
BRDA:1093,120,0,0
BRDA:1093,120,1,0
BRDA:1100,121,0,0
BRDA:1100,121,1,0
BRDA:1108,122,0,0
BRDA:1108,122,1,0
BRDA:1112,123,0,0
BRDA:1112,123,1,0
BRDA:1159,124,0,0
BRDA:1166,125,0,0
BRDA:1166,126,0,0
BRDA:1166,126,1,0
BRDA:1173,127,0,0
BRDA:1182,128,0,0
BRDA:1182,128,1,0
BRDA:1183,129,0,0
BRDA:1183,129,1,0
BRDA:1184,130,0,0
BRDA:1184,130,1,0
BRDA:1185,131,0,0
BRDA:1185,131,1,0
BRDA:1186,132,0,0
BRDA:1186,132,1,0
BRDA:1187,133,0,0
BRDA:1187,133,1,0
BRDA:1188,134,0,0
BRDA:1188,134,1,0
BRDA:1189,135,0,0
BRDA:1189,135,1,0
BRDA:1190,136,0,0
BRDA:1190,136,1,0
BRDA:1191,137,0,0
BRDA:1191,137,1,0
BRDA:1192,138,0,0
BRDA:1192,138,1,0
BRDA:1193,139,0,0
BRDA:1193,139,1,0
BRDA:1194,140,0,0
BRDA:1194,140,1,0
BRDA:1199,141,0,0
BRDA:1241,142,0,0
BRDA:1248,143,0,0
BRDA:1248,144,0,0
BRDA:1248,144,1,0
BRDA:1259,145,0,0
BRDA:1283,146,0,0
BRDA:1290,147,0,0
BRDA:1290,148,0,0
BRDA:1290,148,1,0
BRDA:1297,149,0,0
BRDA:1312,150,0,0
BRDA:1351,151,0,0
BRDA:1355,152,0,0
BRDA:1359,153,0,0
BRDA:1363,154,0,0
BRDA:1369,155,0,0
BRDA:1374,156,0,0
BRDA:1374,156,1,0
BRDA:1417,157,0,0
BRDA:1417,158,0,0
BRDA:1417,158,1,0
BRF:245
BRH:0
end_of_record
TN:
SF:app\actions\comment.ts
FN:33,createComment
FN:126,updateComment
FN:176,deleteComment
FN:227,getComments
FN:250,(anonymous_10)
FN:255,(anonymous_11)
FN:273,voteComment
FNF:7
FNH:0
FNDA:0,createComment
FNDA:0,updateComment
FNDA:0,deleteComment
FNDA:0,getComments
FNDA:0,(anonymous_10)
FNDA:0,(anonymous_11)
FNDA:0,voteComment
DA:3,0
DA:12,0
DA:33,0
DA:34,0
DA:35,0
DA:40,0
DA:42,0
DA:43,0
DA:47,0
DA:53,0
DA:54,0
DA:57,0
DA:58,0
DA:62,0
DA:65,0
DA:66,0
DA:67,0
DA:69,0
DA:70,0
DA:76,0
DA:77,0
DA:78,0
DA:82,0
DA:91,0
DA:94,0
DA:111,0
DA:112,0
DA:113,0
DA:116,0
DA:118,0
DA:119,0
DA:126,0
DA:127,0
DA:128,0
DA:133,0
DA:135,0
DA:136,0
DA:140,0
DA:146,0
DA:147,0
DA:150,0
DA:151,0
DA:154,0
DA:161,0
DA:162,0
DA:163,0
DA:166,0
DA:168,0
DA:169,0
DA:176,0
DA:177,0
DA:178,0
DA:183,0
DA:185,0
DA:186,0
DA:190,0
DA:196,0
DA:197,0
DA:201,0
DA:203,0
DA:205,0
DA:206,0
DA:210,0
DA:212,0
DA:213,0
DA:214,0
DA:217,0
DA:219,0
DA:220,0
DA:227,0
DA:228,0
DA:229,0
DA:231,0
DA:239,0
DA:240,0
DA:241,0
DA:245,0
DA:246,0
DA:248,0
DA:250,0
DA:251,0
DA:252,0
DA:255,0
DA:256,0
DA:257,0
DA:259,0
DA:263,0
DA:265,0
DA:266,0
DA:273,0
DA:277,0
DA:278,0
DA:283,0
DA:285,0
DA:286,0
DA:290,0
DA:298,0
DA:300,0
DA:303,0
DA:310,0
DA:312,0
DA:323,0
DA:330,0
DA:331,0
DA:332,0
DA:336,0
DA:343,0
DA:345,0
DA:355,0
DA:356,0
LF:110
LH:0
BRDA:42,0,0,0
BRDA:53,1,0,0
BRDA:53,2,0,0
BRDA:53,2,1,0
BRDA:57,3,0,0
BRDA:57,4,0,0
BRDA:57,4,1,0
BRDA:69,5,0,0
BRDA:69,5,1,0
BRDA:76,6,0,0
BRDA:76,7,0,0
BRDA:76,7,1,0
BRDA:78,8,0,0
BRDA:78,8,1,0
BRDA:91,9,0,0
BRDA:91,9,1,0
BRDA:98,10,0,0
BRDA:98,10,1,0
BRDA:100,11,0,0
BRDA:100,11,1,0
BRDA:102,12,0,0
BRDA:102,12,1,0
BRDA:103,13,0,0
BRDA:103,13,1,0
BRDA:111,14,0,0
BRDA:135,15,0,0
BRDA:146,16,0,0
BRDA:146,17,0,0
BRDA:146,17,1,0
BRDA:150,18,0,0
BRDA:161,19,0,0
BRDA:185,20,0,0
BRDA:196,21,0,0
BRDA:196,22,0,0
BRDA:196,22,1,0
BRDA:203,23,0,0
BRDA:203,23,1,0
BRDA:205,24,0,0
BRDA:205,25,0,0
BRDA:205,25,1,0
BRDA:212,26,0,0
BRDA:227,27,0,0
BRDA:239,28,0,0
BRDA:248,29,0,0
BRDA:248,29,1,0
BRDA:256,30,0,0
BRDA:256,30,1,0
BRDA:256,31,0,0
BRDA:256,31,1,0
BRDA:285,32,0,0
BRDA:298,33,0,0
BRDA:306,34,0,0
BRDA:306,34,1,0
BRDA:315,35,0,0
BRDA:315,35,1,0
BRDA:330,36,0,0
BRDA:339,37,0,0
BRDA:339,37,1,0
BRDA:348,38,0,0
BRDA:348,38,1,0
BRDA:352,39,0,0
BRDA:352,39,1,0
BRF:62
BRH:0
end_of_record
TN:
SF:app\actions\document.ts
FN:41,transformDocumentData
FN:48,transformVersionData
FN:62,getDocuments
FN:218,getDocument
FN:284,createDocument
FN:396,updateDocument
FN:524,deleteDocument
FN:582,getDocumentVersions
FN:627,getDocumentVersion
FN:675,compareDocumentVersions
FN:746,restoreDocumentVersion
FNF:11
FNH:0
FNDA:0,transformDocumentData
FNDA:0,transformVersionData
FNDA:0,getDocuments
FNDA:0,getDocument
FNDA:0,createDocument
FNDA:0,updateDocument
FNDA:0,deleteDocument
FNDA:0,getDocumentVersions
FNDA:0,getDocumentVersion
FNDA:0,compareDocumentVersions
FNDA:0,restoreDocumentVersion
DA:3,0
DA:20,0
DA:42,0
DA:49,0
DA:62,0
DA:65,0
DA:66,0
DA:84,0
DA:86,0
DA:89,0
DA:132,0
DA:133,0
DA:136,0
DA:137,0
DA:140,0
DA:141,0
DA:144,0
DA:145,0
DA:148,0
DA:149,0
DA:152,0
DA:153,0
DA:156,0
DA:157,0
DA:160,0
DA:161,0
DA:164,0
DA:165,0
DA:168,0
DA:169,0
DA:173,0
DA:174,0
DA:181,0
DA:184,0
DA:186,0
DA:188,0
DA:189,0
DA:190,0
DA:193,0
DA:195,0
DA:210,0
DA:211,0
DA:218,0
DA:219,0
DA:220,0
DA:223,0
DA:228,0
DA:270,0
DA:271,0
DA:274,0
DA:276,0
DA:277,0
DA:284,0
DA:285,0
DA:286,0
DA:291,0
DA:293,0
DA:294,0
DA:298,0
DA:300,0
DA:363,0
DA:364,0
DA:365,0
DA:369,0
DA:373,0
DA:386,0
DA:388,0
DA:389,0
DA:396,0
DA:400,0
DA:401,0
DA:406,0
DA:408,0
DA:409,0
DA:413,0
DA:419,0
DA:420,0
DA:424,0
DA:426,0
DA:428,0
DA:429,0
DA:433,0
DA:435,0
DA:441,0
DA:442,0
DA:446,0
DA:447,0
DA:449,0
DA:491,0
DA:492,0
DA:493,0
DA:497,0
DA:501,0
DA:514,0
DA:516,0
DA:517,0
DA:524,0
DA:525,0
DA:526,0
DA:531,0
DA:533,0
DA:534,0
DA:538,0
DA:544,0
DA:545,0
DA:549,0
DA:551,0
DA:553,0
DA:554,0
DA:558,0
DA:563,0
DA:564,0
DA:565,0
DA:568,0
DA:570,0
DA:571,0
DA:582,0
DA:583,0
DA:584,0
DA:586,0
DA:612,0
DA:613,0
DA:614,0
DA:617,0
DA:619,0
DA:620,0
DA:627,0
DA:631,0
DA:632,0
DA:634,0
DA:661,0
DA:662,0
DA:665,0
DA:667,0
DA:668,0
DA:675,0
DA:680,0
DA:681,0
DA:684,0
DA:689,0
DA:690,0
DA:693,0
DA:694,0
DA:697,0
DA:698,0
DA:701,0
DA:702,0
DA:704,0
DA:705,0
DA:707,0
DA:708,0
DA:709,0
DA:711,0
DA:712,0
DA:713,0
DA:714,0
DA:715,0
DA:716,0
DA:717,0
DA:718,0
DA:719,0
DA:720,0
DA:721,0
DA:723,0
DA:727,0
DA:738,0
DA:739,0
DA:746,0
DA:750,0
DA:751,0
DA:756,0
DA:758,0
DA:759,0
DA:763,0
DA:764,0
DA:765,0
DA:768,0
DA:771,0
DA:777,0
DA:778,0
DA:782,0
DA:784,0
DA:786,0
DA:787,0
DA:791,0
DA:793,0
DA:841,0
DA:842,0
DA:843,0
DA:847,0
DA:851,0
DA:864,0
DA:866,0
DA:867,0
LF:194
LH:0
BRDA:44,0,0,0
BRDA:44,0,1,0
BRDA:44,1,0,0
BRDA:44,1,1,0
BRDA:51,2,0,0
BRDA:51,2,1,0
BRDA:51,3,0,0
BRDA:51,3,1,0
BRDA:63,4,0,0
BRDA:68,5,0,0
BRDA:69,6,0,0
BRDA:73,7,0,0
BRDA:80,8,0,0
BRDA:81,9,0,0
BRDA:132,10,0,0
BRDA:136,11,0,0
BRDA:140,12,0,0
BRDA:144,13,0,0
BRDA:148,14,0,0
BRDA:152,15,0,0
BRDA:156,16,0,0
BRDA:156,17,0,0
BRDA:156,17,1,0
BRDA:160,18,0,0
BRDA:160,19,0,0
BRDA:160,19,1,0
BRDA:164,20,0,0
BRDA:168,21,0,0
BRDA:173,22,0,0
BRDA:173,23,0,0
BRDA:173,23,1,0
BRDA:188,24,0,0
BRDA:193,25,0,0
BRDA:193,25,1,0
BRDA:198,26,0,0
BRDA:198,26,1,0
BRDA:202,27,0,0
BRDA:202,27,1,0
BRDA:270,28,0,0
BRDA:270,29,0,0
BRDA:270,29,1,0
BRDA:293,30,0,0
BRDA:298,31,0,0
BRDA:298,31,1,0
BRDA:306,32,0,0
BRDA:306,32,1,0
BRDA:308,33,0,0
BRDA:308,33,1,0
BRDA:310,34,0,0
BRDA:310,34,1,0
BRDA:311,35,0,0
BRDA:311,35,1,0
BRDA:312,36,0,0
BRDA:312,36,1,0
BRDA:313,37,0,0
BRDA:313,37,1,0
BRDA:314,38,0,0
BRDA:314,38,1,0
BRDA:315,39,0,0
BRDA:315,39,1,0
BRDA:316,40,0,0
BRDA:316,40,1,0
BRDA:317,41,0,0
BRDA:317,41,1,0
BRDA:318,42,0,0
BRDA:318,42,1,0
BRDA:319,43,0,0
BRDA:319,43,1,0
BRDA:323,44,0,0
BRDA:323,44,1,0
BRDA:363,45,0,0
BRDA:378,46,0,0
BRDA:378,46,1,0
BRDA:408,47,0,0
BRDA:419,48,0,0
BRDA:419,49,0,0
BRDA:419,49,1,0
BRDA:426,50,0,0
BRDA:426,50,1,0
BRDA:428,51,0,0
BRDA:428,52,0,0
BRDA:428,52,1,0
BRDA:433,53,0,0
BRDA:433,53,1,0
BRDA:441,54,0,0
BRDA:491,55,0,0
BRDA:510,56,0,0
BRDA:510,56,1,0
BRDA:511,57,0,0
BRDA:511,57,1,0
BRDA:533,58,0,0
BRDA:544,59,0,0
BRDA:544,60,0,0
BRDA:544,60,1,0
BRDA:551,61,0,0
BRDA:551,61,1,0
BRDA:553,62,0,0
BRDA:553,63,0,0
BRDA:553,63,1,0
BRDA:563,64,0,0
BRDA:612,65,0,0
BRDA:617,66,0,0
BRDA:617,66,1,0
BRDA:661,67,0,0
BRDA:661,68,0,0
BRDA:661,68,1,0
BRDA:689,69,0,0
BRDA:689,70,0,0
BRDA:689,70,1,0
BRDA:693,71,0,0
BRDA:693,72,0,0
BRDA:693,72,1,0
BRDA:711,73,0,0
BRDA:711,73,1,0
BRDA:714,74,0,0
BRDA:714,74,1,0
BRDA:717,75,0,0
BRDA:717,75,1,0
BRDA:758,76,0,0
BRDA:764,77,0,0
BRDA:764,78,0,0
BRDA:764,78,1,0
BRDA:777,79,0,0
BRDA:784,80,0,0
BRDA:784,80,1,0
BRDA:786,81,0,0
BRDA:786,82,0,0
BRDA:786,82,1,0
BRDA:841,83,0,0
BRF:129
BRH:0
end_of_record
TN:
SF:app\actions\editor.ts
FN:42,saveAutosave
FN:92,getAutosave
FN:138,deleteAutosave
FN:172,cleanupExpiredAutosaves
FNF:4
FNH:0
FNDA:0,saveAutosave
FNDA:0,getAutosave
FNDA:0,deleteAutosave
FNDA:0,cleanupExpiredAutosaves
DA:4,0
DA:5,0
DA:42,0
DA:47,0
DA:48,0
DA:49,0
DA:50,0
DA:53,0
DA:56,0
DA:57,0
DA:60,0
DA:77,0
DA:79,0
DA:81,0
DA:82,0
DA:92,0
DA:97,0
DA:98,0
DA:99,0
DA:100,0
DA:103,0
DA:105,0
DA:116,0
DA:118,0
DA:121,0
DA:123,0
DA:125,0
DA:126,0
DA:128,0
DA:138,0
DA:142,0
DA:143,0
DA:144,0
DA:145,0
DA:148,0
DA:150,0
DA:157,0
DA:159,0
DA:161,0
DA:162,0
DA:172,0
DA:177,0
DA:178,0
DA:181,0
DA:183,0
DA:185,0
DA:190,0
DA:191,0
LF:48
LH:0
BRDA:49,0,0,0
BRDA:65,1,0,0
BRDA:65,1,1,0
BRDA:66,2,0,0
BRDA:66,2,1,0
BRDA:68,3,0,0
BRDA:68,3,1,0
BRDA:69,4,0,0
BRDA:69,4,1,0
BRDA:70,5,0,0
BRDA:70,5,1,0
BRDA:77,6,0,0
BRDA:84,7,0,0
BRDA:84,7,1,0
BRDA:99,8,0,0
BRDA:110,9,0,0
BRDA:110,9,1,0
BRDA:116,10,0,0
BRDA:116,11,0,0
BRDA:116,11,1,0
BRDA:121,12,0,0
BRDA:121,12,1,0
BRDA:125,13,0,0
BRDA:130,14,0,0
BRDA:130,14,1,0
BRDA:144,15,0,0
BRDA:155,16,0,0
BRDA:155,16,1,0
BRDA:157,17,0,0
BRDA:164,18,0,0
BRDA:164,18,1,0
BRDA:183,19,0,0
BRDA:193,20,0,0
BRDA:193,20,1,0
BRF:34
BRH:0
end_of_record
TN:
SF:app\actions\index.ts
FNF:0
FNH:0
DA:2,0
DA:3,0
DA:4,0
DA:5,0
DA:6,0
DA:7,0
DA:8,0
DA:9,0
LF:8
LH:0
BRF:0
BRH:0
end_of_record
TN:
SF:app\actions\media.ts
FN:63,getFileCategory
FN:70,uploadToSupabaseStorage
FN:100,getImageDimensions
FN:105,(anonymous_9)
FN:109,(anonymous_10)
FN:114,(anonymous_11)
FN:123,getVideoDuration
FN:128,(anonymous_13)
FN:132,(anonymous_14)
FN:136,(anonymous_15)
FN:151,uploadFile
FN:245,deleteFile
FN:319,getFiles
FN:376,deleteFiles
FN:403,updateFile
FNF:15
FNH:0
FNDA:0,getFileCategory
FNDA:0,uploadToSupabaseStorage
FNDA:0,getImageDimensions
FNDA:0,(anonymous_9)
FNDA:0,(anonymous_10)
FNDA:0,(anonymous_11)
FNDA:0,getVideoDuration
FNDA:0,(anonymous_13)
FNDA:0,(anonymous_14)
FNDA:0,(anonymous_15)
FNDA:0,uploadFile
FNDA:0,deleteFile
FNDA:0,getFiles
FNDA:0,deleteFiles
FNDA:0,updateFile
DA:3,0
DA:4,0
DA:5,0
DA:64,0
DA:65,0
DA:66,0
DA:67,0
DA:74,0
DA:76,0
DA:77,0
DA:78,0
DA:80,0
DA:84,0
DA:85,0
DA:86,0
DA:90,0
DA:94,0
DA:101,0
DA:102,0
DA:105,0
DA:106,0
DA:107,0
DA:109,0
DA:110,0
DA:111,0
DA:114,0
DA:115,0
DA:116,0
DA:119,0
DA:124,0
DA:125,0
DA:128,0
DA:129,0
DA:130,0
DA:132,0
DA:133,0
DA:136,0
DA:137,0
DA:140,0
DA:151,0
DA:152,0
DA:153,0
DA:154,0
DA:155,0
DA:158,0
DA:161,0
DA:162,0
DA:163,0
DA:166,0
DA:178,0
DA:179,0
DA:183,0
DA:186,0
DA:187,0
DA:190,0
DA:191,0
DA:193,0
DA:217,0
DA:223,0
DA:224,0
DA:226,0
DA:227,0
DA:230,0
DA:232,0
DA:234,0
DA:235,0
DA:245,0
DA:246,0
DA:247,0
DA:248,0
DA:249,0
DA:252,0
DA:255,0
DA:261,0
DA:262,0
DA:266,0
DA:272,0
DA:273,0
DA:275,0
DA:276,0
DA:280,0
DA:281,0
DA:285,0
DA:286,0
DA:292,0
DA:300,0
DA:301,0
DA:304,0
DA:306,0
DA:308,0
DA:309,0
DA:319,0
DA:326,0
DA:327,0
DA:329,0
DA:334,0
DA:335,0
DA:338,0
DA:339,0
DA:342,0
DA:343,0
DA:346,0
DA:349,0
DA:350,0
DA:353,0
DA:354,0
DA:357,0
DA:359,0
DA:360,0
DA:363,0
DA:365,0
DA:366,0
DA:376,0
DA:381,0
DA:382,0
DA:384,0
DA:385,0
DA:386,0
DA:387,0
DA:389,0
DA:393,0
DA:403,0
DA:411,0
DA:412,0
DA:413,0
DA:414,0
DA:417,0
DA:420,0
DA:426,0
DA:427,0
DA:430,0
DA:436,0
DA:437,0
DA:439,0
DA:440,0
DA:444,0
DA:454,0
DA:455,0
DA:458,0
DA:460,0
DA:461,0
LF:141
LH:0
BRDA:64,0,0,0
BRDA:65,1,0,0
BRDA:66,2,0,0
BRDA:72,3,0,0
BRDA:84,4,0,0
BRDA:101,5,0,0
BRDA:124,6,0,0
BRDA:154,7,0,0
BRDA:158,8,0,0
BRDA:162,9,0,0
BRDA:178,10,0,0
BRDA:195,11,0,0
BRDA:195,11,1,0
BRDA:223,12,0,0
BRDA:237,13,0,0
BRDA:237,13,1,0
BRDA:248,14,0,0
BRDA:261,15,0,0
BRDA:261,16,0,0
BRDA:261,16,1,0
BRDA:272,17,0,0
BRDA:272,17,1,0
BRDA:275,18,0,0
BRDA:275,19,0,0
BRDA:275,19,1,0
BRDA:280,20,0,0
BRDA:285,21,0,0
BRDA:300,22,0,0
BRDA:311,23,0,0
BRDA:311,23,1,0
BRDA:334,24,0,0
BRDA:338,25,0,0
BRDA:342,26,0,0
BRDA:342,26,1,0
BRDA:349,27,0,0
BRDA:353,28,0,0
BRDA:354,29,0,0
BRDA:354,29,1,0
BRDA:359,30,0,0
BRDA:368,31,0,0
BRDA:368,31,1,0
BRDA:386,32,0,0
BRDA:386,32,1,0
BRDA:389,33,0,0
BRDA:389,33,1,0
BRDA:413,34,0,0
BRDA:426,35,0,0
BRDA:436,36,0,0
BRDA:436,36,1,0
BRDA:439,37,0,0
BRDA:439,38,0,0
BRDA:439,38,1,0
BRDA:454,39,0,0
BRDA:463,40,0,0
BRDA:463,40,1,0
BRF:55
BRH:0
end_of_record
TN:
SF:app\actions\member.ts
FN:44,updateProfile
FN:96,changePassword
FN:143,uploadAvatar
FN:209,getMembers
FN:268,updateMemberRole
FNF:5
FNH:0
FNDA:0,updateProfile
FNDA:0,changePassword
FNDA:0,uploadAvatar
FNDA:0,getMembers
FNDA:0,updateMemberRole
DA:3,0
DA:12,0
DA:44,0
DA:45,0
DA:46,0
DA:51,0
DA:53,0
DA:54,0
DA:58,0
DA:59,0
DA:61,0
DA:62,0
DA:66,0
DA:67,0
DA:68,0
DA:71,0
DA:81,0
DA:82,0
DA:83,0
DA:86,0
DA:88,0
DA:89,0
DA:96,0
DA:101,0
DA:102,0
DA:107,0
DA:109,0
DA:110,0
DA:114,0
DA:119,0
DA:120,0
DA:124,0
DA:128,0
DA:129,0
DA:130,0
DA:133,0
DA:135,0
DA:136,0
DA:143,0
DA:144,0
DA:145,0
DA:150,0
DA:152,0
DA:153,0
DA:157,0
DA:158,0
DA:159,0
DA:163,0
DA:164,0
DA:165,0
DA:169,0
DA:170,0
DA:171,0
DA:174,0
DA:178,0
DA:179,0
DA:180,0
DA:186,0
DA:189,0
DA:194,0
DA:195,0
DA:196,0
DA:199,0
DA:201,0
DA:202,0
DA:209,0
DA:210,0
DA:211,0
DA:216,0
DA:218,0
DA:219,0
DA:223,0
DA:224,0
DA:226,0
DA:227,0
DA:229,0
DA:232,0
DA:233,0
DA:236,0
DA:237,0
DA:241,0
DA:242,0
DA:246,0
DA:249,0
DA:251,0
DA:253,0
DA:254,0
DA:255,0
DA:258,0
DA:260,0
DA:261,0
DA:268,0
DA:269,0
DA:270,0
DA:275,0
DA:277,0
DA:278,0
DA:282,0
DA:284,0
DA:285,0
DA:289,0
DA:290,0
DA:291,0
DA:294,0
DA:304,0
DA:305,0
DA:306,0
DA:309,0
DA:311,0
DA:312,0
LF:110
LH:0
BRDA:53,0,0,0
BRDA:61,1,0,0
BRDA:61,2,0,0
BRDA:61,2,1,0
BRDA:67,3,0,0
BRDA:81,4,0,0
BRDA:109,5,0,0
BRDA:109,6,0,0
BRDA:109,6,1,0
BRDA:115,7,0,0
BRDA:115,7,1,0
BRDA:119,8,0,0
BRDA:128,9,0,0
BRDA:152,10,0,0
BRDA:152,11,0,0
BRDA:152,11,1,0
BRDA:158,12,0,0
BRDA:164,13,0,0
BRDA:178,14,0,0
BRDA:194,15,0,0
BRDA:209,16,0,0
BRDA:218,17,0,0
BRDA:224,18,0,0
BRDA:224,18,1,0
BRDA:226,19,0,0
BRDA:226,20,0,0
BRDA:226,21,0,0
BRDA:226,22,0,0
BRDA:232,23,0,0
BRDA:236,24,0,0
BRDA:241,25,0,0
BRDA:253,26,0,0
BRDA:258,27,0,0
BRDA:258,27,1,0
BRDA:277,28,0,0
BRDA:284,29,0,0
BRDA:284,30,0,0
BRDA:284,30,1,0
BRDA:290,31,0,0
BRDA:304,32,0,0
BRF:40
BRH:0
end_of_record
TN:
SF:app\actions\menu.ts
FN:54,getMenus
FN:73,createMenu
FNF:2
FNH:0
FNDA:0,getMenus
FNDA:0,createMenu
DA:3,0
DA:4,0
DA:5,0
DA:54,0
DA:59,0
DA:60,0
DA:61,0
DA:66,0
DA:67,0
DA:69,0
DA:73,0
DA:78,0
DA:79,0
DA:80,0
DA:81,0
DA:84,0
DA:85,0
DA:97,0
DA:98,0
DA:99,0
DA:101,0
LF:21
LH:0
BRDA:66,0,0,0
BRDA:69,1,0,0
BRDA:69,1,1,0
BRDA:80,2,0,0
BRDA:97,3,0,0
BRDA:101,4,0,0
BRDA:101,4,1,0
BRF:7
BRH:0
end_of_record
TN:
SF:app\actions\poll.ts
FN:50,getPolls
FN:78,getPoll
FN:118,createPoll
FN:148,(anonymous_11)
FN:176,updatePoll
FN:218,deletePoll
FN:251,votePoll
FN:297,(anonymous_15)
FN:334,hasVoted
FNF:9
FNH:0
FNDA:0,getPolls
FNDA:0,getPoll
FNDA:0,createPoll
FNDA:0,(anonymous_11)
FNDA:0,updatePoll
FNDA:0,deletePoll
FNDA:0,votePoll
FNDA:0,(anonymous_15)
FNDA:0,hasVoted
DA:3,0
DA:4,0
DA:5,0
DA:50,0
DA:55,0
DA:56,0
DA:58,0
DA:63,0
DA:65,0
DA:67,0
DA:68,0
DA:78,0
DA:83,0
DA:84,0
DA:86,0
DA:92,0
DA:94,0
DA:100,0
DA:102,0
DA:107,0
DA:108,0
DA:118,0
DA:123,0
DA:124,0
DA:125,0
DA:126,0
DA:129,0
DA:132,0
DA:144,0
DA:147,0
DA:148,0
DA:155,0
DA:159,0
DA:162,0
DA:163,0
DA:165,0
DA:166,0
DA:176,0
DA:184,0
DA:185,0
DA:186,0
DA:187,0
DA:190,0
DA:192,0
DA:202,0
DA:204,0
DA:205,0
DA:207,0
DA:208,0
DA:218,0
DA:222,0
DA:223,0
DA:224,0
DA:225,0
DA:228,0
DA:230,0
DA:235,0
DA:237,0
DA:238,0
DA:240,0
DA:241,0
DA:251,0
DA:255,0
DA:256,0
DA:257,0
DA:258,0
DA:261,0
DA:264,0
DA:272,0
DA:273,0
DA:277,0
DA:283,0
DA:284,0
DA:287,0
DA:288,0
DA:292,0
DA:293,0
DA:297,0
DA:304,0
DA:308,0
DA:311,0
DA:312,0
DA:316,0
DA:321,0
DA:323,0
DA:324,0
DA:334,0
DA:339,0
DA:340,0
DA:341,0
DA:342,0
DA:345,0
DA:347,0
DA:354,0
DA:356,0
DA:358,0
DA:359,0
LF:97
LH:0
BRDA:63,0,0,0
BRDA:70,1,0,0
BRDA:70,1,1,0
BRDA:92,2,0,0
BRDA:100,3,0,0
BRDA:110,4,0,0
BRDA:110,4,1,0
BRDA:125,5,0,0
BRDA:136,6,0,0
BRDA:136,6,1,0
BRDA:138,7,0,0
BRDA:138,7,1,0
BRDA:144,8,0,0
BRDA:147,9,0,0
BRDA:147,10,0,0
BRDA:147,10,1,0
BRDA:159,11,0,0
BRDA:168,12,0,0
BRDA:168,12,1,0
BRDA:186,13,0,0
BRDA:196,14,0,0
BRDA:196,14,1,0
BRDA:202,15,0,0
BRDA:210,16,0,0
BRDA:210,16,1,0
BRDA:224,17,0,0
BRDA:235,18,0,0
BRDA:243,19,0,0
BRDA:243,19,1,0
BRDA:257,20,0,0
BRDA:272,21,0,0
BRDA:283,22,0,0
BRDA:283,23,0,0
BRDA:283,23,1,0
BRDA:287,24,0,0
BRDA:287,25,0,0
BRDA:287,25,1,0
BRDA:292,26,0,0
BRDA:292,27,0,0
BRDA:292,27,1,0
BRDA:292,28,0,0
BRDA:292,28,1,0
BRDA:293,29,0,0
BRDA:293,29,1,0
BRDA:308,30,0,0
BRDA:318,31,0,0
BRDA:318,31,1,0
BRDA:326,32,0,0
BRDA:326,32,1,0
BRDA:341,33,0,0
BRDA:354,34,0,0
BRDA:354,35,0,0
BRDA:354,35,1,0
BRDA:361,36,0,0
BRDA:361,36,1,0
BRF:55
BRH:0
end_of_record
TN:
SF:app\actions\post.ts
FN:55,createPost
FN:130,updatePost
FN:192,deletePost
FN:246,getPosts
FN:343,getPostById
FN:363,incrementViewCount
FN:388,votePost
FNF:7
FNH:0
FNDA:0,createPost
FNDA:0,updatePost
FNDA:0,deletePost
FNDA:0,getPosts
FNDA:0,getPostById
FNDA:0,incrementViewCount
FNDA:0,votePost
DA:3,0
DA:12,0
DA:55,0
DA:56,0
DA:57,0
DA:62,0
DA:64,0
DA:65,0
DA:69,0
DA:75,0
DA:76,0
DA:79,0
DA:80,0
DA:84,0
DA:87,0
DA:89,0
DA:112,0
DA:113,0
DA:114,0
DA:118,0
DA:120,0
DA:122,0
DA:123,0
DA:130,0
DA:131,0
DA:132,0
DA:137,0
DA:139,0
DA:140,0
DA:144,0
DA:146,0
DA:147,0
DA:151,0
DA:153,0
DA:155,0
DA:156,0
DA:160,0
DA:161,0
DA:162,0
DA:166,0
DA:167,0
DA:170,0
DA:177,0
DA:178,0
DA:179,0
DA:182,0
DA:184,0
DA:185,0
DA:192,0
DA:193,0
DA:194,0
DA:199,0
DA:201,0
DA:202,0
DA:206,0
DA:212,0
DA:213,0
DA:217,0
DA:219,0
DA:221,0
DA:222,0
DA:226,0
DA:228,0
DA:229,0
DA:230,0
DA:234,0
DA:236,0
DA:238,0
DA:239,0
DA:246,0
DA:247,0
DA:248,0
DA:265,0
DA:267,0
DA:269,0
DA:276,0
DA:277,0
DA:280,0
DA:281,0
DA:284,0
DA:285,0
DA:288,0
DA:289,0
DA:292,0
DA:293,0
DA:296,0
DA:297,0
DA:300,0
DA:301,0
DA:304,0
DA:305,0
DA:308,0
DA:309,0
DA:313,0
DA:314,0
DA:321,0
DA:324,0
DA:326,0
DA:328,0
DA:329,0
DA:330,0
DA:333,0
DA:335,0
DA:336,0
DA:343,0
DA:344,0
DA:345,0
DA:347,0
DA:349,0
DA:350,0
DA:353,0
DA:355,0
DA:356,0
DA:363,0
DA:364,0
DA:365,0
DA:368,0
DA:373,0
DA:374,0
DA:378,0
DA:380,0
DA:388,0
DA:389,0
DA:390,0
DA:395,0
DA:397,0
DA:398,0
DA:402,0
DA:410,0
DA:412,0
DA:415,0
DA:422,0
DA:424,0
DA:435,0
DA:442,0
DA:443,0
DA:444,0
DA:448,0
DA:455,0
DA:457,0
DA:467,0
DA:468,0
LF:142
LH:0
BRDA:64,0,0,0
BRDA:75,1,0,0
BRDA:75,2,0,0
BRDA:75,2,1,0
BRDA:79,3,0,0
BRDA:87,4,0,0
BRDA:87,4,1,0
BRDA:87,5,0,0
BRDA:87,5,1,0
BRDA:93,6,0,0
BRDA:93,6,1,0
BRDA:95,7,0,0
BRDA:95,7,1,0
BRDA:98,8,0,0
BRDA:98,8,1,0
BRDA:100,9,0,0
BRDA:100,9,1,0
BRDA:101,10,0,0
BRDA:101,10,1,0
BRDA:102,11,0,0
BRDA:102,11,1,0
BRDA:103,12,0,0
BRDA:103,12,1,0
BRDA:104,13,0,0
BRDA:104,13,1,0
BRDA:106,14,0,0
BRDA:106,14,1,0
BRDA:107,15,0,0
BRDA:107,15,1,0
BRDA:112,16,0,0
BRDA:139,17,0,0
BRDA:146,18,0,0
BRDA:146,19,0,0
BRDA:146,19,1,0
BRDA:153,20,0,0
BRDA:153,20,1,0
BRDA:155,21,0,0
BRDA:155,22,0,0
BRDA:155,22,1,0
BRDA:161,23,0,0
BRDA:162,24,0,0
BRDA:162,24,1,0
BRDA:166,25,0,0
BRDA:177,26,0,0
BRDA:201,27,0,0
BRDA:212,28,0,0
BRDA:212,29,0,0
BRDA:212,29,1,0
BRDA:219,30,0,0
BRDA:219,30,1,0
BRDA:221,31,0,0
BRDA:221,32,0,0
BRDA:221,32,1,0
BRDA:228,33,0,0
BRDA:246,34,0,0
BRDA:253,35,0,0
BRDA:261,36,0,0
BRDA:262,37,0,0
BRDA:263,38,0,0
BRDA:264,39,0,0
BRDA:276,40,0,0
BRDA:280,41,0,0
BRDA:284,42,0,0
BRDA:288,43,0,0
BRDA:292,44,0,0
BRDA:296,45,0,0
BRDA:300,46,0,0
BRDA:300,47,0,0
BRDA:300,47,1,0
BRDA:304,48,0,0
BRDA:308,49,0,0
BRDA:313,50,0,0
BRDA:313,51,0,0
BRDA:313,51,1,0
BRDA:328,52,0,0
BRDA:333,53,0,0
BRDA:333,53,1,0
BRDA:349,54,0,0
BRDA:349,55,0,0
BRDA:349,55,1,0
BRDA:373,56,0,0
BRDA:397,57,0,0
BRDA:410,58,0,0
BRDA:418,59,0,0
BRDA:418,59,1,0
BRDA:427,60,0,0
BRDA:427,60,1,0
BRDA:442,61,0,0
BRDA:451,62,0,0
BRDA:451,62,1,0
BRDA:460,63,0,0
BRDA:460,63,1,0
BRDA:464,64,0,0
BRDA:464,64,1,0
BRF:94
BRH:0
end_of_record
TN:
SF:app\actions\search.ts
FN:59,prepareSearchQuery
FN:64,(anonymous_5)
FN:71,(anonymous_6)
FN:78,prepareTrigramQuery
FN:85,generateResultUrl
FN:103,highlightExcerpt
FN:106,(anonymous_10)
FN:109,(anonymous_11)
FN:121,escapeRegex
FN:128,truncateText
FN:150,searchContent
FN:233,(anonymous_15)
FN:264,searchPosts
FN:342,(anonymous_17)
FN:365,searchPostsTrigram
FN:429,(anonymous_19)
FN:452,searchComments
FN:518,(anonymous_21)
FN:538,searchDocuments
FN:603,(anonymous_23)
FN:626,searchDocumentsFallback
FN:682,(anonymous_25)
FN:706,getSearchSuggestions
FN:727,(anonymous_27)
FN:745,(anonymous_28)
FN:762,(anonymous_29)
FN:764,(anonymous_30)
FN:787,getPopularSearchTerms
FN:804,(anonymous_32)
FN:806,(anonymous_33)
FN:814,(anonymous_34)
FN:816,(anonymous_35)
FN:818,(anonymous_36)
FN:834,(anonymous_37)
FN:836,(anonymous_38)
FN:844,(anonymous_39)
FN:846,(anonymous_40)
FN:848,(anonymous_41)
FNF:38
FNH:0
FNDA:0,prepareSearchQuery
FNDA:0,(anonymous_5)
FNDA:0,(anonymous_6)
FNDA:0,prepareTrigramQuery
FNDA:0,generateResultUrl
FNDA:0,highlightExcerpt
FNDA:0,(anonymous_10)
FNDA:0,(anonymous_11)
FNDA:0,escapeRegex
FNDA:0,truncateText
FNDA:0,searchContent
FNDA:0,(anonymous_15)
FNDA:0,searchPosts
FNDA:0,(anonymous_17)
FNDA:0,searchPostsTrigram
FNDA:0,(anonymous_19)
FNDA:0,searchComments
FNDA:0,(anonymous_21)
FNDA:0,searchDocuments
FNDA:0,(anonymous_23)
FNDA:0,searchDocumentsFallback
FNDA:0,(anonymous_25)
FNDA:0,getSearchSuggestions
FNDA:0,(anonymous_27)
FNDA:0,(anonymous_28)
FNDA:0,(anonymous_29)
FNDA:0,(anonymous_30)
FNDA:0,getPopularSearchTerms
FNDA:0,(anonymous_32)
FNDA:0,(anonymous_33)
FNDA:0,(anonymous_34)
FNDA:0,(anonymous_35)
FNDA:0,(anonymous_36)
FNDA:0,(anonymous_37)
FNDA:0,(anonymous_38)
FNDA:0,(anonymous_39)
FNDA:0,(anonymous_40)
FNDA:0,(anonymous_41)
DA:3,0
DA:44,0
DA:61,0
DA:64,0
DA:66,0
DA:67,0
DA:71,0
DA:79,0
DA:86,0
DA:88,0
DA:90,0
DA:92,0
DA:94,0
DA:96,0
DA:104,0
DA:106,0
DA:107,0
DA:109,0
DA:111,0
DA:112,0
DA:115,0
DA:122,0
DA:129,0
DA:132,0
DA:133,0
DA:135,0
DA:136,0
DA:139,0
DA:150,0
DA:154,0
DA:156,0
DA:158,0
DA:159,0
DA:162,0
DA:163,0
DA:166,0
DA:167,0
DA:170,0
DA:171,0
DA:174,0
DA:180,0
DA:181,0
DA:184,0
DA:185,0
DA:194,0
DA:195,0
DA:196,0
DA:201,0
DA:202,0
DA:210,0
DA:211,0
DA:212,0
DA:217,0
DA:218,0
DA:226,0
DA:227,0
DA:228,0
DA:233,0
DA:235,0
DA:236,0
DA:237,0
DA:240,0
DA:244,0
DA:246,0
DA:256,0
DA:257,0
DA:277,0
DA:278,0
DA:281,0
DA:307,0
DA:308,0
DA:311,0
DA:312,0
DA:315,0
DA:316,0
DA:319,0
DA:320,0
DA:324,0
DA:325,0
DA:332,0
DA:334,0
DA:336,0
DA:338,0
DA:339,0
DA:342,0
DA:355,0
DA:357,0
DA:358,0
DA:377,0
DA:378,0
DA:381,0
DA:404,0
DA:405,0
DA:408,0
DA:409,0
DA:412,0
DA:413,0
DA:416,0
DA:417,0
DA:420,0
DA:422,0
DA:424,0
DA:425,0
DA:426,0
DA:429,0
DA:442,0
DA:444,0
DA:445,0
DA:464,0
DA:465,0
DA:467,0
DA:492,0
DA:493,0
DA:496,0
DA:497,0
DA:500,0
DA:501,0
DA:505,0
DA:506,0
DA:509,0
DA:511,0
DA:513,0
DA:514,0
DA:515,0
DA:518,0
DA:528,0
DA:530,0
DA:531,0
DA:550,0
DA:551,0
DA:553,0
DA:573,0
DA:574,0
DA:577,0
DA:578,0
DA:581,0
DA:582,0
DA:586,0
DA:587,0
DA:593,0
DA:595,0
DA:597,0
DA:599,0
DA:600,0
DA:603,0
DA:616,0
DA:618,0
DA:619,0
DA:637,0
DA:638,0
DA:640,0
DA:661,0
DA:662,0
DA:665,0
DA:666,0
DA:669,0
DA:670,0
DA:673,0
DA:675,0
DA:677,0
DA:678,0
DA:679,0
DA:682,0
DA:695,0
DA:697,0
DA:698,0
DA:706,0
DA:707,0
DA:708,0
DA:710,0
DA:711,0
DA:714,0
DA:715,0
DA:718,0
DA:726,0
DA:727,0
DA:728,0
DA:729,0
DA:735,0
DA:744,0
DA:745,0
DA:746,0
DA:747,0
DA:753,0
DA:761,0
DA:762,0
DA:763,0
DA:764,0
DA:765,0
DA:766,0
DA:774,0
DA:776,0
DA:778,0
DA:779,0
DA:787,0
DA:788,0
DA:789,0
DA:790,0
DA:793,0
DA:801,0
DA:802,0
DA:804,0
DA:805,0
DA:806,0
DA:807,0
DA:813,0
DA:814,0
DA:816,0
DA:818,0
DA:822,0
DA:831,0
DA:832,0
DA:834,0
DA:835,0
DA:836,0
DA:837,0
DA:843,0
DA:844,0
DA:846,0
DA:848,0
DA:852,0
DA:854,0
DA:856,0
DA:857,0
LF:224
LH:0
BRDA:66,0,0,0
BRDA:86,1,0,0
BRDA:86,1,1,0
BRDA:86,1,2,0
BRDA:86,1,3,0
BRDA:86,1,4,0
BRDA:88,2,0,0
BRDA:88,2,1,0
BRDA:104,3,0,0
BRDA:104,4,0,0
BRDA:104,4,1,0
BRDA:128,5,0,0
BRDA:129,6,0,0
BRDA:129,7,0,0
BRDA:129,7,1,0
BRDA:135,8,0,0
BRDA:152,9,0,0
BRDA:158,10,0,0
BRDA:162,11,0,0
BRDA:167,12,0,0
BRDA:167,13,0,0
BRDA:174,14,0,0
BRDA:174,14,1,0
BRDA:175,15,0,0
BRDA:175,15,1,0
BRDA:184,16,0,0
BRDA:194,17,0,0
BRDA:194,18,0,0
BRDA:194,18,1,0
BRDA:201,19,0,0
[...]
FNF:12
FNH:0
FNDA:0,CalendarWidget
FNDA:0,(anonymous_6)
FNDA:0,(anonymous_7)
FNDA:0,(anonymous_8)
FNDA:0,(anonymous_9)
FNDA:0,(anonymous_10)
FNDA:0,(anonymous_11)
FNDA:0,(anonymous_12)
FNDA:0,(anonymous_13)
FNDA:0,(anonymous_14)
FNDA:0,(anonymous_15)
FNDA:0,(anonymous_16)
DA:3,0
DA:4,0
DA:5,0
DA:7,0
DA:17,0
DA:18,0
DA:19,0
DA:21,0
DA:22,0
DA:25,0
DA:26,0
DA:28,0
DA:29,0
DA:30,0
DA:32,0
DA:33,0
DA:35,0
DA:42,0
DA:44,0
DA:45,0
DA:46,0
DA:47,0
DA:50,0
DA:52,0
DA:56,0
DA:57,0
DA:58,0
DA:60,0
DA:61,0
DA:63,0
DA:64,0
DA:67,0
DA:68,0
DA:71,0
DA:72,0
DA:75,0
DA:76,0
DA:106,0
DA:121,0
DA:126,0
DA:127,0
DA:129,0
LF:42
LH:0
BRDA:26,0,0,0
BRDA:42,1,0,0
BRDA:47,2,0,0
BRDA:47,2,1,0
BRDA:77,3,0,0
BRDA:77,3,1,0
BRDA:77,3,2,0
BRDA:109,4,0,0
BRDA:109,4,1,0
BRDA:109,5,0,0
BRDA:109,5,1,0
BRDA:127,6,0,0
BRDA:127,6,1,0
BRDA:134,7,0,0
BRDA:134,7,1,0
BRDA:135,8,0,0
BRDA:135,8,1,0
BRDA:143,9,0,0
BRDA:143,9,1,0
BRF:19
BRH:0
end_of_record
TN:
SF:components\widgets\widgets\LatestPostsWidget.tsx
FN:35,LatestPostsWidget
FN:39,(anonymous_3)
FN:43,(anonymous_4)
FN:86,(anonymous_5)
FN:108,(anonymous_6)
FNF:5
FNH:0
FNDA:0,LatestPostsWidget
FNDA:0,(anonymous_3)
FNDA:0,(anonymous_4)
FNDA:0,(anonymous_5)
FNDA:0,(anonymous_6)
DA:3,0
DA:4,0
DA:5,0
DA:7,0
DA:8,0
DA:9,0
DA:10,0
DA:35,0
DA:36,0
DA:37,0
DA:39,0
DA:40,0
DA:43,0
DA:44,0
DA:45,0
DA:47,0
DA:63,0
DA:64,0
DA:67,0
DA:69,0
DA:70,0
DA:72,0
DA:74,0
DA:78,0
DA:87,0
DA:109,0
LF:26
LH:0
BRDA:60,0,0,0
BRDA:60,0,1,0
BRDA:63,1,0,0
BRDA:63,2,0,0
BRDA:63,2,1,0
BRDA:69,3,0,0
BRDA:70,4,0,0
BRDA:70,4,1,0
BRDA:78,5,0,0
BRDA:82,6,0,0
BRDA:82,6,1,0
BRDA:100,7,0,0
BRDA:100,7,1,0
BRDA:105,8,0,0
BRDA:115,9,0,0
BRDA:115,9,1,0
BRDA:127,10,0,0
BRDA:130,11,0,0
BRDA:130,11,1,0
BRDA:133,12,0,0
BRDA:144,13,0,0
BRDA:144,13,1,0
BRF:22
BRH:0
end_of_record
TN:
SF:components\widgets\widgets\LoginFormWidget.tsx
FN:21,LoginFormWidget
FN:28,(anonymous_3)
FN:68,(anonymous_4)
FN:80,(anonymous_5)
FNF:4
FNH:0
FNDA:0,LoginFormWidget
FNDA:0,(anonymous_3)
FNDA:0,(anonymous_4)
FNDA:0,(anonymous_5)
DA:3,0
DA:4,0
DA:5,0
DA:6,0
DA:7,0
DA:8,0
DA:9,0
DA:10,0
DA:11,0
DA:21,0
DA:22,0
DA:23,0
DA:24,0
DA:25,0
DA:26,0
DA:28,0
DA:29,0
DA:30,0
DA:31,0
DA:33,0
DA:34,0
DA:35,0
DA:40,0
DA:42,0
DA:43,0
DA:45,0
DA:47,0
DA:68,0
DA:80,0
LF:29
LH:0
BRDA:40,0,0,0
BRDA:45,1,0,0
BRDA:45,1,1,0
BRDA:56,2,0,0
BRDA:56,2,1,0
BRDA:85,3,0,0
BRDA:89,4,0,0
BRDA:92,5,0,0
BRF:8
BRH:0
end_of_record
TN:
SF:components\widgets\widgets\PopularPostsWidget.tsx
FN:29,PopularPostsWidget
FN:33,(anonymous_3)
FN:37,(anonymous_4)
FN:101,(anonymous_5)
FN:123,(anonymous_6)
FNF:5
FNH:0
FNDA:0,PopularPostsWidget
FNDA:0,(anonymous_3)
FNDA:0,(anonymous_4)
FNDA:0,(anonymous_5)
FNDA:0,(anonymous_6)
DA:3,0
DA:4,0
DA:5,0
DA:6,0
DA:7,0
DA:8,0
DA:9,0
DA:29,0
DA:30,0
DA:31,0
DA:33,0
DA:34,0
DA:37,0
DA:38,0
DA:39,0
DA:41,0
DA:56,0
DA:57,0
DA:60,0
DA:62,0
DA:63,0
DA:65,0
DA:66,0
DA:68,0
DA:69,0
DA:71,0
DA:74,0
DA:75,0
DA:79,0
DA:81,0
DA:82,0
DA:84,0
DA:86,0
DA:90,0
DA:102,0
DA:124,0
LF:36
LH:0
BRDA:53,0,0,0
BRDA:53,0,1,0
BRDA:56,1,0,0
BRDA:60,2,0,0
BRDA:60,2,1,0
BRDA:60,2,2,0
BRDA:60,2,3,0
BRDA:74,3,0,0
BRDA:81,4,0,0
BRDA:82,5,0,0
BRDA:82,5,1,0
BRDA:90,6,0,0
BRDA:96,7,0,0
BRDA:96,7,1,0
BRDA:115,8,0,0
BRDA:115,8,1,0
BRDA:120,9,0,0
BRDA:140,10,0,0
BRDA:140,10,1,0
BRF:19
BRH:0
end_of_record
TN:
SF:lib\utils.ts
FN:4,cn
FNF:1
FNH:1
FNDA:8,cn
DA:1,1
DA:2,1
DA:4,8
DA:5,8
LF:4
LH:4
BRF:0
BRH:0
end_of_record
TN:
SF:lib\i18n\config.ts
FN:38,isValidLocale
FN:46,getLocale
FN:75,parseAcceptLanguage
FN:78,(anonymous_15)
FN:83,(anonymous_16)
FN:104,getPathWithoutLocale
FN:116,getLocalizedPath
FN:124,getBrowserLocale
FNF:8
FNH:0
FNDA:0,isValidLocale
FNDA:0,getLocale
FNDA:0,parseAcceptLanguage
FNDA:0,(anonymous_15)
FNDA:0,(anonymous_16)
FNDA:0,getPathWithoutLocale
FNDA:0,getLocalizedPath
FNDA:0,getBrowserLocale
DA:6,0
DA:9,0
DA:11,0
DA:18,0
DA:28,0
DA:33,0
DA:38,0
DA:39,0
DA:46,0
DA:52,0
DA:53,0
DA:57,0
DA:58,0
DA:62,0
DA:63,0
DA:64,0
DA:65,0
DA:69,0
DA:76,0
DA:79,0
DA:80,0
DA:81,0
DA:83,0
DA:85,0
DA:87,0
DA:88,0
DA:92,0
DA:93,0
DA:94,0
DA:98,0
DA:104,0
DA:105,0
DA:106,0
DA:107,0
DA:110,0
DA:116,0
DA:117,0
DA:118,0
DA:124,0
DA:125,0
DA:127,0
DA:128,0
DA:129,0
DA:130,0
DA:131,0
DA:135,0
LF:46
LH:0
BRDA:52,0,0,0
BRDA:52,1,0,0
BRDA:52,1,1,0
BRDA:57,2,0,0
BRDA:57,3,0,0
BRDA:57,3,1,0
BRDA:62,4,0,0
BRDA:64,5,0,0
BRDA:79,6,0,0
BRDA:80,7,0,0
BRDA:80,7,1,0
BRDA:87,8,0,0
BRDA:93,9,0,0
BRDA:106,10,0,0
BRDA:106,11,0,0
BRDA:106,11,1,0
BRDA:107,12,0,0
BRDA:107,12,1,0
BRDA:118,13,0,0
BRDA:118,13,1,0
BRDA:125,14,0,0
BRDA:127,15,0,0
BRDA:127,15,1,0
BRDA:128,16,0,0
BRDA:130,17,0,0
BRF:25
BRH:0
end_of_record
TN:
SF:lib\i18n\index.ts
FNF:0
FNH:0
DA:7,0
DA:8,0
DA:9,0
DA:10,0
DA:11,0
DA:12,0
DA:13,0
DA:14,0
DA:15,0
DA:16,0
DA:17,0
DA:18,0
LF:12
LH:0
BRF:0
BRH:0
end_of_record
TN:
SF:lib\install\actions.ts
FN:73,checkInstallationStatus
FN:103,getInstallationState
FN:145,validateSupabaseConnection
FN:275,createAdminAccount
FN:317,createAdminWithServiceRole
FN:415,createAdminWithSignUp
FN:516,saveConfiguration
FN:593,getSiteConfigValue
FN:625,getAllSiteConfig
FN:663,finalizeInstallation
FN:714,writeEnvironmentVariables
FN:721,(anonymous_26)
FN:722,(anonymous_27)
FN:736,(anonymous_28)
FN:762,(anonymous_29)
FN:789,resetInstallation
FN:839,saveInstallationStep
FNF:17
FNH:0
FNDA:0,checkInstallationStatus
FNDA:0,getInstallationState
FNDA:0,validateSupabaseConnection
FNDA:0,createAdminAccount
FNDA:0,createAdminWithServiceRole
FNDA:0,createAdminWithSignUp
FNDA:0,saveConfiguration
FNDA:0,getSiteConfigValue
FNDA:0,getAllSiteConfig
FNDA:0,finalizeInstallation
FNDA:0,writeEnvironmentVariables
FNDA:0,(anonymous_26)
FNDA:0,(anonymous_27)
FNDA:0,(anonymous_28)
FNDA:0,(anonymous_29)
FNDA:0,resetInstallation
FNDA:0,saveInstallationStep
DA:15,0
DA:16,0
DA:24,0
DA:32,0
DA:73,0
DA:77,0
DA:78,0
DA:80,0
DA:86,0
DA:88,0
DA:91,0
DA:96,0
DA:103,0
DA:111,0
DA:112,0
DA:114,0
DA:115,0
DA:121,0
DA:131,0
DA:145,0
DA:148,0
DA:150,0
DA:151,0
DA:152,0
DA:158,0
DA:163,0
DA:166,0
DA:168,0
DA:171,0
DA:173,0
DA:174,0
DA:180,0
DA:191,0
DA:202,0
DA:204,0
DA:205,0
DA:210,0
DA:211,0
DA:217,0
DA:221,0
DA:222,0
DA:223,0
DA:226,0
DA:234,0
DA:237,0
DA:239,0
DA:240,0
DA:246,0
DA:255,0
DA:256,0
DA:275,0
DA:278,0
DA:280,0
DA:281,0
DA:282,0
DA:289,0
DA:290,0
DA:293,0
DA:294,0
DA:305,0
DA:307,0
DA:325,0
DA:327,0
DA:335,0
DA:346,0
DA:347,0
DA:357,0
DA:358,0
DA:365,0
DA:373,0
DA:375,0
DA:377,0
DA:388,0
DA:390,0
DA:391,0
DA:397,0
DA:405,0
DA:421,0
DA:422,0
DA:424,0
DA:427,0
DA:439,0
DA:440,0
DA:441,0
DA:444,0
DA:445,0
DA:448,0
DA:452,0
DA:454,0
DA:466,0
DA:467,0
DA:470,0
DA:480,0
DA:483,0
DA:484,0
DA:486,0
DA:487,0
DA:488,0
DA:491,0
DA:492,0
DA:500,0
DA:501,0
DA:516,0
DA:519,0
DA:521,0
DA:522,0
DA:523,0
DA:529,0
DA:532,0
DA:538,0
DA:539,0
DA:546,0
DA:570,0
DA:571,0
DA:575,0
DA:576,0
DA:581,0
DA:583,0
DA:593,0
DA:594,0
DA:595,0
DA:597,0
DA:603,0
DA:604,0
DA:610,0
DA:615,0
DA:625,0
DA:626,0
DA:627,0
DA:629,0
DA:631,0
DA:632,0
DA:638,0
DA:639,0
DA:640,0
DA:643,0
DA:648,0
DA:663,0
DA:664,0
DA:665,0
DA:668,0
DA:670,0
DA:671,0
DA:678,0
DA:687,0
DA:688,0
DA:692,0
DA:694,0
DA:714,0
DA:719,0
DA:721,0
DA:722,0
DA:724,0
DA:727,0
DA:728,0
DA:729,0
DA:732,0
DA:736,0
DA:737,0
DA:739,0
DA:740,0
DA:741,0
DA:742,0
DA:747,0
DA:748,0
DA:750,0
DA:751,0
DA:755,0
DA:758,0
DA:760,0
DA:762,0
DA:767,0
DA:769,0
DA:771,0
DA:789,0
DA:790,0
DA:792,0
DA:793,0
DA:799,0
DA:802,0
DA:817,0
DA:818,0
DA:825,0
DA:827,0
DA:829,0
DA:839,0
DA:843,0
DA:844,0
DA:846,0
DA:847,0
DA:853,0
DA:855,0
LF:192
LH:0
BRDA:86,0,0,0
BRDA:86,1,0,0
BRDA:86,1,1,0
BRDA:114,2,0,0
BRDA:126,3,0,0
BRDA:126,3,1,0
BRDA:127,4,0,0
BRDA:127,4,1,0
BRDA:133,5,0,0
BRDA:133,5,1,0
BRDA:151,6,0,0
BRDA:154,7,0,0
BRDA:154,7,1,0
BRDA:163,8,0,0
BRDA:163,8,1,0
BRDA:166,9,0,0
BRDA:173,10,0,0
BRDA:176,11,0,0
BRDA:176,11,1,0
BRDA:202,12,0,0
BRDA:204,13,0,0
BRDA:204,14,0,0
BRDA:204,14,1,0
BRDA:210,15,0,0
BRDA:210,16,0,0
BRDA:210,16,1,0
BRDA:239,17,0,0
BRDA:242,18,0,0
BRDA:242,18,1,0
BRDA:259,19,0,0
BRDA:259,19,1,0
BRDA:281,20,0,0
BRDA:284,21,0,0
BRDA:284,21,1,0
BRDA:293,22,0,0
BRDA:293,23,0,0
BRDA:293,23,1,0
BRDA:309,24,0,0
BRDA:309,24,1,0
BRDA:346,25,0,0
BRDA:357,26,0,0
BRDA:373,27,0,0
BRDA:390,28,0,0
BRDA:393,29,0,0
BRDA:393,29,1,0
BRDA:407,30,0,0
BRDA:407,30,1,0
BRDA:435,31,0,0
BRDA:435,31,1,0
BRDA:439,32,0,0
BRDA:444,33,0,0
BRDA:466,34,0,0
BRDA:486,35,0,0
BRDA:503,36,0,0
BRDA:503,36,1,0
BRDA:522,37,0,0
BRDA:525,38,0,0
BRDA:525,38,1,0
BRDA:538,39,0,0
BRDA:541,40,0,0
BRDA:541,40,1,0
BRDA:575,41,0,0
BRDA:585,42,0,0
BRDA:585,42,1,0
BRDA:603,43,0,0
BRDA:617,44,0,0
BRDA:617,44,1,0
BRDA:631,45,0,0
BRDA:639,46,0,0
BRDA:639,46,1,0
BRDA:650,47,0,0
BRDA:650,47,1,0
BRDA:670,48,0,0
BRDA:673,49,0,0
BRDA:673,49,1,0
BRDA:687,50,0,0
BRDA:696,51,0,0
BRDA:696,51,1,0
BRDA:736,52,0,0
BRDA:736,52,1,0
BRDA:741,53,0,0
BRDA:741,54,0,0
BRDA:741,54,1,0
BRDA:750,55,0,0
BRDA:774,56,0,0
BRDA:774,56,1,0
BRDA:792,57,0,0
BRDA:817,58,0,0
BRDA:831,59,0,0
BRDA:831,59,1,0
BRDA:846,60,0,0
BRDA:849,61,0,0
BRDA:849,61,1,0
BRDA:857,62,0,0
BRDA:857,62,1,0
BRF:95
BRH:0
end_of_record
TN:
SF:lib\install\index.ts
FNF:0
FNH:0
DA:13,0
DA:14,0
DA:17,0
DA:20,0
DA:23,0
DA:24,0
DA:25,0
DA:28,0
DA:31,0
DA:34,0
DA:35,0
DA:41,0
DA:49,0
DA:58,0
DA:59,0
DA:60,0
DA:61,0
DA:62,0
DA:63,0
DA:64,0
DA:67,0
DA:68,0
DA:69,0
DA:70,0
DA:71,0
DA:74,0
DA:75,0
DA:76,0
DA:77,0
DA:78,0
DA:83,0
DA:84,0
DA:85,0
DA:89,0
DA:91,0
DA:102,0
DA:103,0
DA:104,0
DA:107,0
DA:108,0
DA:109,0
DA:110,0
DA:111,0
DA:115,0
DA:116,0
DA:117,0
DA:118,0
DA:119,0
DA:120,0
DA:121,0
DA:122,0
DA:123,0
DA:124,0
LF:53
LH:0
BRF:0
BRH:0
end_of_record
TN:
SF:lib\install\installation-state.ts
FN:11,getInstallationStatus
FN:38,isInstallationComplete
FN:46,isInstallationStarted
FN:54,updateInstallationStep
FN:101,saveSupabaseConfig
FN:114,saveAdminInfo
FN:127,saveSiteConfig
FN:142,completeInstallation
FN:154,resetInstallation
FNF:9
FNH:0
FNDA:0,getInstallationStatus
FNDA:0,isInstallationComplete
FNDA:0,isInstallationStarted
FNDA:0,updateInstallationStep
FNDA:0,saveSupabaseConfig
FNDA:0,saveAdminInfo
FNDA:0,saveSiteConfig
FNDA:0,completeInstallation
FNDA:0,resetInstallation
DA:1,0
DA:11,0
DA:12,0
DA:13,0
DA:16,0
DA:22,0
DA:24,0
DA:25,0
DA:28,0
DA:30,0
DA:31,0
DA:38,0
DA:39,0
DA:40,0
DA:46,0
DA:47,0
DA:48,0
DA:54,0
DA:58,0
DA:59,0
DA:62,0
DA:68,0
DA:69,0
DA:73,0
DA:79,0
DA:84,0
DA:85,0
DA:88,0
DA:90,0
DA:91,0
DA:101,0
DA:105,0
DA:114,0
DA:118,0
DA:127,0
DA:132,0
DA:142,0
DA:146,0
DA:154,0
DA:158,0
DA:159,0
DA:161,0
DA:176,0
DA:177,0
DA:180,0
DA:182,0
DA:183,0
LF:47
LH:0
BRDA:22,0,0,0
BRDA:68,1,0,0
BRDA:68,2,0,0
BRDA:68,2,1,0
BRDA:75,3,0,0
BRDA:75,3,1,0
BRDA:84,4,0,0
BRDA:93,5,0,0
BRDA:93,5,1,0
BRDA:176,6,0,0
BRDA:185,7,0,0
BRDA:185,7,1,0
BRF:12
BRH:0
end_of_record
TN:
SF:lib\install\state.ts
FN:130,isValidEmail
FN:143,isValidPassword
FN:171,isValidSupabaseUrl
FN:186,isValidSupabaseAnonKey
FN:195,isValidDisplayName
FN:202,isValidTimezone
FN:229,isValidLanguage
FN:241,validateWelcomeStep
FN:249,validateRequirementsStep
FN:268,validateDatabaseStep
FN:287,validateAdminAccountStep
FN:314,validateSiteConfigurationStep
FN:346,getNextStep
FN:367,getPreviousStep
FN:388,getStepName
FN:404,getStepNumber
FN:411,canProceedToStep
FN:459,createInstallationError
FN:481,formatErrorMessage
FNF:19
FNH:0
FNDA:0,isValidEmail
FNDA:0,isValidPassword
FNDA:0,isValidSupabaseUrl
FNDA:0,isValidSupabaseAnonKey
FNDA:0,isValidDisplayName
FNDA:0,isValidTimezone
FNDA:0,isValidLanguage
FNDA:0,validateWelcomeStep
FNDA:0,validateRequirementsStep
FNDA:0,validateDatabaseStep
FNDA:0,validateAdminAccountStep
FNDA:0,validateSiteConfigurationStep
FNDA:0,getNextStep
FNDA:0,getPreviousStep
FNDA:0,getStepName
FNDA:0,getStepNumber
FNDA:0,canProceedToStep
FNDA:0,createInstallationError
FNDA:0,formatErrorMessage
DA:26,0
DA:130,0
DA:131,0
DA:132,0
DA:143,0
DA:147,0
DA:149,0
DA:150,0
DA:152,0
DA:153,0
DA:155,0
DA:156,0
DA:158,0
DA:159,0
DA:162,0
DA:171,0
DA:172,0
DA:173,0
DA:174,0
DA:179,0
DA:186,0
DA:188,0
DA:189,0
DA:195,0
DA:196,0
DA:202,0
DA:203,0
DA:223,0
DA:229,0
DA:230,0
DA:231,0
DA:241,0
DA:243,0
DA:249,0
DA:253,0
DA:255,0
DA:256,0
DA:258,0
DA:259,0
DA:262,0
DA:268,0
DA:272,0
DA:274,0
DA:275,0
DA:277,0
DA:278,0
DA:281,0
DA:287,0
DA:291,0
DA:293,0
DA:294,0
DA:297,0
DA:298,0
DA:300,0
DA:301,0
DA:304,0
DA:305,0
DA:308,0
DA:314,0
DA:318,0
DA:320,0
DA:321,0
DA:324,0
DA:325,0
DA:328,0
DA:329,0
DA:332,0
DA:333,0
DA:336,0
DA:346,0
DA:347,0
DA:356,0
DA:357,0
DA:358,0
DA:361,0
DA:367,0
DA:368,0
DA:377,0
DA:378,0
DA:379,0
DA:382,0
DA:388,0
DA:389,0
DA:398,0
DA:404,0
DA:405,0
DA:411,0
DA:415,0
DA:416,0
DA:419,0
DA:420,0
DA:424,0
DA:425,0
DA:428,0
DA:459,0
DA:464,0
DA:470,0
DA:481,0
DA:482,0
DA:483,0
DA:486,0
DA:487,0
DA:490,0
LF:103
LH:0
BRDA:149,0,0,0
BRDA:152,1,0,0
BRDA:155,2,0,0
BRDA:158,3,0,0
BRDA:175,4,0,0
BRDA:175,4,1,0
BRDA:175,4,2,0
BRDA:189,5,0,0
BRDA:189,5,1,0
BRDA:196,6,0,0
BRDA:196,6,1,0
BRDA:223,7,0,0
BRDA:223,7,1,0
BRDA:255,8,0,0
BRDA:258,9,0,0
BRDA:274,10,0,0
BRDA:277,11,0,0
BRDA:293,12,0,0
BRDA:293,13,0,0
BRDA:293,13,1,0
BRDA:297,14,0,0
BRDA:297,14,1,0
BRDA:304,15,0,0
BRDA:304,16,0,0
BRDA:304,16,1,0
BRDA:320,17,0,0
BRDA:320,18,0,0
BRDA:320,18,1,0
BRDA:324,19,0,0
BRDA:324,20,0,0
BRDA:324,20,1,0
BRDA:328,21,0,0
BRDA:328,22,0,0
BRDA:328,22,1,0
BRDA:332,23,0,0
BRDA:332,24,0,0
BRDA:332,24,1,0
BRDA:357,25,0,0
BRDA:357,26,0,0
BRDA:357,26,1,0
BRDA:378,27,0,0
BRDA:398,28,0,0
BRDA:398,28,1,0
BRDA:419,29,0,0
BRDA:424,30,0,0
BRDA:424,31,0,0
BRDA:424,31,1,0
BRDA:482,32,0,0
BRDA:486,33,0,0
BRF:49
BRH:0
end_of_record
TN:
SF:lib\install\types.ts
FN:48,(anonymous_10)
FN:95,(anonymous_11)
FNF:2
FNH:0
FNDA:0,(anonymous_10)
FNDA:0,(anonymous_11)
DA:1,0
DA:4,0
DA:14,0
DA:42,0
DA:50,0
DA:52,0
DA:53,0
DA:66,0
DA:95,0
DA:103,0
DA:118,0
DA:126,0
DA:135,0
DA:147,0
LF:14
LH:0
BRDA:50,0,0,0
BRDA:50,0,1,0
BRDA:53,1,0,0
BRDA:53,1,1,0
BRF:4
BRH:0
end_of_record
TN:
SF:lib\layouts\LayoutEngine.ts
FN:92,getLayoutDefinition
FN:93,(anonymous_6)
FN:96,getAllLayoutDefinitions
FN:100,getPositionDefinition
FN:105,(anonymous_9)
FNF:5
FNH:0
FNDA:0,getLayoutDefinition
FNDA:0,(anonymous_6)
FNDA:0,getAllLayoutDefinitions
FNDA:0,getPositionDefinition
FNDA:0,(anonymous_9)
DA:22,0
DA:92,0
DA:93,0
DA:96,0
DA:97,0
DA:100,0
DA:104,0
DA:105,0
LF:8
LH:0
BRF:0
BRH:0
end_of_record
TN:
SF:lib\supabase\admin.ts
FN:21,createAdminClient
FN:54,createClientWithCredentials
FN:85,createAdminUser
FN:183,testSupabaseConnection
FN:234,verifyMigrationsApplied
FNF:5
FNH:0
FNDA:0,createAdminClient
FNDA:0,createClientWithCredentials
FNDA:0,createAdminUser
FNDA:0,testSupabaseConnection
FNDA:0,verifyMigrationsApplied
DA:11,0
DA:21,0
DA:22,0
DA:23,0
DA:25,0
DA:26,0
DA:31,0
DA:32,0
DA:38,0
DA:54,0
DA:58,0
DA:85,0
DA:90,0
DA:91,0
DA:94,0
DA:104,0
DA:105,0
DA:115,0
DA:116,0
DA:123,0
DA:133,0
DA:135,0
DA:137,0
DA:147,0
DA:153,0
DA:183,0
DA:187,0
DA:188,0
DA:191,0
DA:193,0
DA:195,0
DA:205,0
DA:206,0
DA:207,0
DA:209,0
DA:217,0
DA:234,0
DA:238,0
DA:239,0
DA:242,0
DA:244,0
DA:245,0
DA:247,0
DA:249,0
DA:256,0
DA:258,0
LF:46
LH:0
BRDA:22,0,0,0
BRDA:22,0,1,0
BRDA:25,1,0,0
BRDA:31,2,0,0
BRDA:104,3,0,0
BRDA:115,4,0,0
BRDA:133,5,0,0
BRDA:155,6,0,0
BRDA:155,6,1,0
BRDA:157,7,0,0
BRDA:157,7,1,0
BRDA:193,8,0,0
BRDA:193,9,0,0
BRDA:193,9,1,0
BRDA:219,10,0,0
BRDA:219,10,1,0
BRDA:247,11,0,0
BRDA:247,12,0,0
BRDA:247,12,1,0
BRDA:260,13,0,0
BRDA:260,13,1,0
BRF:21
BRH:0
end_of_record
TN:
SF:lib\supabase\auth.ts
FN:14,getUser
FN:24,getSession
FN:36,signIn
FN:49,signUp
FN:66,signOut
FN:78,resetPassword
FN:89,updatePassword
FN:100,updateUser
FNF:8
FNH:0
FNDA:0,getUser
FNDA:0,getSession
FNDA:0,signIn
FNDA:0,signUp
FNDA:0,signOut
FNDA:0,resetPassword
FNDA:0,updatePassword
FNDA:0,updateUser
DA:7,0
DA:14,0
DA:15,0
DA:16,0
DA:24,0
DA:25,0
DA:26,0
DA:36,0
DA:37,0
DA:38,0
DA:49,0
DA:53,0
DA:54,0
DA:66,0
DA:67,0
DA:68,0
DA:78,0
DA:79,0
DA:80,0
DA:89,0
DA:90,0
DA:91,0
DA:100,0
DA:101,0
DA:102,0
DA:106,0
LF:26
LH:0
BRF:0
BRH:0
end_of_record
TN:
SF:lib\supabase\client.ts
FN:3,createClient
FNF:1
FNH:0
FNDA:0,createClient
DA:1,0
DA:3,0
DA:4,0
LF:3
LH:0
BRF:0
BRH:0
end_of_record
TN:
SF:lib\supabase\server.ts
FN:10,createClient
FN:18,(anonymous_7)
FN:21,(anonymous_8)
FN:23,(anonymous_9)
FN:39,createAdminClient
FN:40,(anonymous_11)
FNF:6
FNH:0
FNDA:0,createClient
FNDA:0,(anonymous_7)
FNDA:0,(anonymous_8)
FNDA:0,(anonymous_9)
FNDA:0,createAdminClient
FNDA:0,(anonymous_11)
DA:1,0
DA:2,0
DA:10,0
DA:11,0
DA:13,0
DA:19,0
DA:22,0
DA:23,0
DA:24,0
DA:39,0
DA:40,0
DA:42,0
LF:12
LH:0
BRF:0
BRH:0
end_of_record
TN:
SF:lib\supabase\storage.ts
FN:62,validateFile
FN:88,generateUniqueFilename
FN:99,uploadFile
FN:150,deleteFile
FN:172,getPublicUrl
FN:184,listFiles
FN:210,(anonymous_16)
FN:211,(anonymous_17)
FN:217,uploadAvatar
FN:224,uploadAttachment
FN:235,uploadImage
FNF:11
FNH:0
FNDA:0,validateFile
FNDA:0,generateUniqueFilename
FNDA:0,uploadFile
FNDA:0,deleteFile
FNDA:0,getPublicUrl
FNDA:0,listFiles
FNDA:0,(anonymous_16)
FNDA:0,(anonymous_17)
FNDA:0,uploadAvatar
FNDA:0,uploadAttachment
FNDA:0,uploadImage
DA:1,0
DA:2,0
DA:8,0
DA:15,0
DA:35,0
DA:64,0
DA:65,0
DA:66,0
DA:67,0
DA:74,0
DA:75,0
DA:76,0
DA:82,0
DA:89,0
DA:90,0
DA:91,0
DA:93,0
DA:99,0
DA:105,0
DA:106,0
DA:107,0
DA:110,0
DA:115,0
DA:116,0
DA:117,0
DA:121,0
DA:122,0
DA:125,0
DA:131,0
DA:132,0
DA:133,0
DA:139,0
DA:141,0
DA:150,0
DA:151,0
DA:156,0
DA:157,0
DA:158,0
DA:161,0
DA:163,0
DA:164,0
DA:165,0
DA:172,0
DA:173,0
DA:174,0
DA:175,0
DA:178,0
DA:184,0
DA:188,0
DA:193,0
DA:194,0
DA:195,0
DA:198,0
DA:203,0
DA:204,0
DA:205,0
DA:209,0
DA:210,0
DA:211,0
DA:217,0
DA:218,0
DA:224,0
DA:229,0
DA:235,0
DA:236,0
LF:65
LH:0
BRDA:65,0,0,0
BRDA:75,1,0,0
BRDA:90,2,0,0
BRDA:90,2,1,0
BRDA:93,3,0,0
BRDA:93,3,1,0
BRDA:106,4,0,0
BRDA:116,5,0,0
BRDA:122,6,0,0
BRDA:122,6,1,0
BRDA:131,7,0,0
BRDA:157,8,0,0
BRDA:163,9,0,0
BRDA:174,10,0,0
BRDA:194,11,0,0
BRDA:198,12,0,0
BRDA:198,12,1,0
BRDA:203,13,0,0
BRDA:211,14,0,0
BRDA:211,14,1,0
BRF:20
BRH:0
end_of_record
TN:
SF:lib\themes\ThemeEngine.ts
FN:97,getThemeDefinition
FN:98,(anonymous_5)
FN:101,getAllThemeDefinitions
FNF:3
FNH:0
FNDA:0,getThemeDefinition
FNDA:0,(anonymous_5)
FNDA:0,getAllThemeDefinitions
DA:19,0
DA:97,0
DA:98,0
DA:101,0
DA:102,0
LF:5
LH:0
BRF:0
BRH:0
end_of_record
TN:
SF:lib\themes\ThemeProvider.tsx
FN:23,ThemeProvider
FN:27,(anonymous_4)
FN:31,(anonymous_5)
FN:66,(anonymous_6)
FN:103,(anonymous_7)
FN:115,useTheme
FNF:6
FNH:0
FNDA:0,ThemeProvider
FNDA:0,(anonymous_4)
FNDA:0,(anonymous_5)
FNDA:0,(anonymous_6)
FNDA:0,(anonymous_7)
FNDA:0,useTheme
DA:3,0
DA:4,0
DA:21,0
DA:23,0
DA:24,0
DA:25,0
DA:27,0
DA:28,0
DA:31,0
DA:32,0
DA:33,0
DA:36,0
DA:42,0
DA:43,0
DA:46,0
DA:47,0
DA:57,0
DA:60,0
DA:62,0
DA:66,0
DA:67,0
DA:70,0
DA:71,0
DA:75,0
DA:76,0
DA:80,0
DA:81,0
DA:85,0
DA:86,0
DA:90,0
DA:91,0
DA:92,0
DA:93,0
DA:96,0
DA:97,0
DA:98,0
DA:99,0
DA:103,0
DA:104,0
DA:105,0
DA:115,0
DA:116,0
DA:117,0
DA:118,0
DA:120,0
LF:45
LH:0
BRDA:42,0,0,0
BRDA:42,1,0,0
BRDA:42,1,1,0
BRDA:46,2,0,0
BRDA:51,3,0,0
BRDA:51,3,1,0
BRDA:70,4,0,0
BRDA:75,5,0,0
BRDA:80,6,0,0
BRDA:85,7,0,0
BRDA:90,8,0,0
BRDA:92,9,0,0
BRDA:117,10,0,0
BRF:13
BRH:0
end_of_record
TN:
SF:lib\utils\rss.ts
FN:8,escapeXml
FN:20,stripHtml
FN:27,truncateContent
FN:35,formatRssDate
FNF:4
FNH:1
FNDA:15,escapeXml
FNDA:0,stripHtml
FNDA:0,truncateContent
FNDA:0,formatRssDate
DA:8,15
DA:9,15
DA:20,0
DA:21,0
DA:27,0
DA:28,0
DA:29,0
DA:35,0
DA:36,0
LF:9
LH:2
BRDA:28,0,0,0
BRF:1
BRH:0
end_of_record
TN:
SF:lib\validations\auth.ts
FN:42,(anonymous_5)
FN:70,(anonymous_6)
FNF:2
FNH:0
FNDA:0,(anonymous_5)
FNDA:0,(anonymous_6)
DA:1,0
DA:3,0
DA:4,0
DA:6,0
DA:17,0
DA:42,0
DA:47,0
DA:54,0
DA:70,0
LF:9
LH:0
BRF:0
BRH:0
end_of_record
TN:
SF:lib\widgets\WidgetRegistry.ts
FN:21,(anonymous_1)
FN:28,(anonymous_2)
FN:32,(anonymous_3)
FN:36,(anonymous_4)
FN:40,(anonymous_5)
FN:44,(anonymous_6)
FN:45,(anonymous_7)
FN:48,(anonymous_8)
FN:49,(anonymous_9)
FNF:9
FNH:8
FNDA:14,(anonymous_1)
FNDA:0,(anonymous_2)
FNDA:6,(anonymous_3)
FNDA:2,(anonymous_4)
FNDA:3,(anonymous_5)
FNDA:1,(anonymous_6)
FNDA:2,(anonymous_7)
FNDA:1,(anonymous_8)
FNDA:2,(anonymous_9)
DA:19,1
DA:22,14
DA:23,1
DA:25,13
DA:29,0
DA:33,6
DA:37,2
DA:41,3
DA:45,2
DA:49,2
DA:54,20
DA:57,1
DA:83,1
DA:101,1
DA:119,1
DA:143,1
LF:16
LH:15
BRDA:22,0,0,1
BRF:1
BRH:1
end_of_record
